[35m[1mScanning dependencies of target _uuv_gazebo_ros_plugins_msgs_generate_messages_check_deps_GetThrusterState[0m
[  0%] Built target _uuv_gazebo_ros_plugins_msgs_generate_messages_check_deps_GetThrusterState
[35m[1mScanning dependencies of target geometry_msgs_generate_messages_nodejs[0m
[  0%] Built target geometry_msgs_generate_messages_nodejs
[35m[1mScanning dependencies of target _uuv_gazebo_ros_plugins_msgs_generate_messages_check_deps_GetListParam[0m
[  0%] Built target _uuv_gazebo_ros_plugins_msgs_generate_messages_check_deps_GetListParam
[35m[1mScanning dependencies of target _uuv_gazebo_ros_plugins_msgs_generate_messages_check_deps_GetThrusterConversionFcn[0m
[  0%] Built target _uuv_gazebo_ros_plugins_msgs_generate_messages_check_deps_GetThrusterConversionFcn
[35m[1mScanning dependencies of target _uuv_gazebo_ros_plugins_msgs_generate_messages_check_deps_SetFloat[0m
[  0%] Built target _uuv_gazebo_ros_plugins_msgs_generate_messages_check_deps_SetFloat
[35m[1mScanning dependencies of target std_msgs_generate_messages_nodejs[0m
[  0%] Built target std_msgs_generate_messages_nodejs
[35m[1mScanning dependencies of target _uuv_gazebo_ros_plugins_msgs_generate_messages_check_deps_SetUseGlobalCurrentVel[0m
[  0%] Built target _uuv_gazebo_ros_plugins_msgs_generate_messages_check_deps_SetUseGlobalCurrentVel
[35m[1mScanning dependencies of target _uuv_gazebo_ros_plugins_msgs_generate_messages_check_deps_FloatStamped[0m
[  0%] Built target _uuv_gazebo_ros_plugins_msgs_generate_messages_check_deps_FloatStamped
[35m[1mScanning dependencies of target _uuv_gazebo_ros_plugins_msgs_generate_messages_check_deps_GetModelProperties[0m
[  0%] Built target _uuv_gazebo_ros_plugins_msgs_generate_messages_check_deps_GetModelProperties
[35m[1mScanning dependencies of target _uuv_gazebo_ros_plugins_msgs_generate_messages_check_deps_UnderwaterObjectModel[0m
[  0%] Built target _uuv_gazebo_ros_plugins_msgs_generate_messages_check_deps_UnderwaterObjectModel
[35m[1mScanning dependencies of target _uuv_gazebo_ros_plugins_msgs_generate_messages_check_deps_SetThrusterEfficiency[0m
[  0%] Built target _uuv_gazebo_ros_plugins_msgs_generate_messages_check_deps_SetThrusterEfficiency
[35m[1mScanning dependencies of target _uuv_gazebo_ros_plugins_msgs_generate_messages_check_deps_ThrusterConversionFcn[0m
[  0%] Built target _uuv_gazebo_ros_plugins_msgs_generate_messages_check_deps_ThrusterConversionFcn
[35m[1mScanning dependencies of target _uuv_gazebo_ros_plugins_msgs_generate_messages_check_deps_GetFloat[0m
[  0%] Built target _uuv_gazebo_ros_plugins_msgs_generate_messages_check_deps_GetFloat
[35m[1mScanning dependencies of target _uuv_gazebo_ros_plugins_msgs_generate_messages_check_deps_SetThrusterState[0m
[  0%] Built target _uuv_gazebo_ros_plugins_msgs_generate_messages_check_deps_SetThrusterState
[35m[1mScanning dependencies of target _uuv_gazebo_ros_plugins_msgs_generate_messages_check_deps_GetThrusterEfficiency[0m
[  0%] Built target _uuv_gazebo_ros_plugins_msgs_generate_messages_check_deps_GetThrusterEfficiency
[35m[1mScanning dependencies of target std_msgs_generate_messages_py[0m
[  0%] Built target std_msgs_generate_messages_py
[35m[1mScanning dependencies of target geometry_msgs_generate_messages_py[0m
[  0%] Built target geometry_msgs_generate_messages_py
[35m[1mScanning dependencies of target std_msgs_generate_messages_lisp[0m
[  0%] Built target std_msgs_generate_messages_lisp
[35m[1mScanning dependencies of target geometry_msgs_generate_messages_lisp[0m
[  0%] Built target geometry_msgs_generate_messages_lisp
[35m[1mScanning dependencies of target std_msgs_generate_messages_eus[0m
[  0%] Built target std_msgs_generate_messages_eus
[35m[1mScanning dependencies of target geometry_msgs_generate_messages_eus[0m
[  0%] Built target geometry_msgs_generate_messages_eus
[35m[1mScanning dependencies of target geometry_msgs_generate_messages_cpp[0m
[  0%] Built target geometry_msgs_generate_messages_cpp
[35m[1mScanning dependencies of target std_msgs_generate_messages_cpp[0m
[  0%] Built target std_msgs_generate_messages_cpp
[35m[1mScanning dependencies of target uuv_gazebo_ros_plugins_msgs_generate_messages_nodejs[0m
[ 19%] Built target uuv_gazebo_ros_plugins_msgs_generate_messages_nodejs
[35m[1mScanning dependencies of target uuv_gazebo_ros_plugins_msgs_generate_messages_py[0m
[ 41%] Built target uuv_gazebo_ros_plugins_msgs_generate_messages_py
[35m[1mScanning dependencies of target uuv_gazebo_ros_plugins_msgs_generate_messages_lisp[0m
[ 60%] Built target uuv_gazebo_ros_plugins_msgs_generate_messages_lisp
[35m[1mScanning dependencies of target uuv_gazebo_ros_plugins_msgs_generate_messages_eus[0m
[ 80%] Built target uuv_gazebo_ros_plugins_msgs_generate_messages_eus
[35m[1mScanning dependencies of target uuv_gazebo_ros_plugins_msgs_generate_messages_cpp[0m
[100%] Built target uuv_gazebo_ros_plugins_msgs_generate_messages_cpp
[35m[1mScanning dependencies of target uuv_gazebo_ros_plugins_msgs_generate_messages[0m
[100%] Built target uuv_gazebo_ros_plugins_msgs_generate_messages
