Warning: Cannot symlink from /home/stephan/Gitkraken/RIS Lab 1 uuv_simulator/catkinws/devel/.private/uuv_gazebo_plugins/share/uuv_gazebo_plugins/cmake/uuv_gazebo_pluginsConfig.cmake to existing file /home/stephan/Gitkraken/RIS Lab 1 uuv_simulator/catkinws/devel/share/uuv_gazebo_plugins/cmake/uuv_gazebo_pluginsConfig.cmake
Warning: Source hash: fa71484a90d8f1ab7d2297875222d715
Warning: Dest hash: 039c05e66705fdc17a96467c900229e5
Warning: Cannot symlink from /home/stephan/Gitkraken/RIS Lab 1 uuv_simulator/catkinws/devel/.private/uuv_gazebo_plugins/lib/libuuv_underwater_object_plugin.so to existing file /home/stephan/Gitkraken/RIS Lab 1 uuv_simulator/catkinws/devel/lib/libuuv_underwater_object_plugin.so
Warning: Source hash: a1ac819fbf6bcf9a28d73cb3ebd89ba0
Warning: Dest hash: 744241682021c372e405425ed22806c0
Warning: Cannot symlink from /home/stephan/Gitkraken/RIS Lab 1 uuv_simulator/catkinws/devel/.private/uuv_gazebo_plugins/lib/libumbilical_plugin.so to existing file /home/stephan/Gitkraken/RIS Lab 1 uuv_simulator/catkinws/devel/lib/libumbilical_plugin.so
Warning: Source hash: fcf03befc66a7e17a9ab8f520bd8f91a
Warning: Dest hash: 8beda2bfac5c5e453c10a6807233285b
Warning: Cannot symlink from /home/stephan/Gitkraken/RIS Lab 1 uuv_simulator/catkinws/devel/.private/uuv_gazebo_plugins/lib/libuuv_fin_plugin.so to existing file /home/stephan/Gitkraken/RIS Lab 1 uuv_simulator/catkinws/devel/lib/libuuv_fin_plugin.so
Warning: Source hash: 02982bc65c69a89e19d408933df2dd80
Warning: Dest hash: de903b2054af25721388c55256fe52b1
Warning: Cannot symlink from /home/stephan/Gitkraken/RIS Lab 1 uuv_simulator/catkinws/devel/.private/uuv_gazebo_plugins/lib/libuuv_gazebo_plugins_msgs.so to existing file /home/stephan/Gitkraken/RIS Lab 1 uuv_simulator/catkinws/devel/lib/libuuv_gazebo_plugins_msgs.so
Warning: Source hash: 153c552d7453797eab47c4784e0a8627
Warning: Dest hash: 040b1f9ed5a953c4a41e54429a9b2420
Warning: Cannot symlink from /home/stephan/Gitkraken/RIS Lab 1 uuv_simulator/catkinws/devel/.private/uuv_gazebo_plugins/lib/libuuv_thruster_plugin.so to existing file /home/stephan/Gitkraken/RIS Lab 1 uuv_simulator/catkinws/devel/lib/libuuv_thruster_plugin.so
Warning: Source hash: 53bc66b21c6afa6ed81f161d1f0c4eba
Warning: Dest hash: 552c75484c75b6b3f48568a8d9fc9cb0
Warning: Cannot symlink from /home/stephan/Gitkraken/RIS Lab 1 uuv_simulator/catkinws/devel/.private/uuv_gazebo_plugins/lib/pkgconfig/uuv_gazebo_plugins.pc to existing file /home/stephan/Gitkraken/RIS Lab 1 uuv_simulator/catkinws/devel/lib/pkgconfig/uuv_gazebo_plugins.pc
Warning: Source hash: b13396c201988a7c16cf5dc37051a1b5
Warning: Dest hash: 977fda32b7c026d4409c196b49622f52
