Warning: Cannot symlink from /home/stephan/Gitkraken/RIS Lab 1 uuv_simulator/catkinws/devel/.private/uuv_sensor_ros_plugins_msgs/share/uuv_sensor_ros_plugins_msgs/cmake/uuv_sensor_ros_plugins_msgsConfig.cmake to existing file /home/stephan/Gitkraken/RIS Lab 1 uuv_simulator/catkinws/devel/share/uuv_sensor_ros_plugins_msgs/cmake/uuv_sensor_ros_plugins_msgsConfig.cmake
Warning: Source hash: b01a232d229170263daec2f58b564e98
Warning: Dest hash: 592d0ea434aef2a72232576c51a64922
Warning: Cannot symlink from /home/stephan/Gitkraken/RIS Lab 1 uuv_simulator/catkinws/devel/.private/uuv_sensor_ros_plugins_msgs/share/uuv_sensor_ros_plugins_msgs/cmake/uuv_sensor_ros_plugins_msgs-msg-paths.cmake to existing file /home/stephan/Gitkraken/RIS Lab 1 uuv_simulator/catkinws/devel/share/uuv_sensor_ros_plugins_msgs/cmake/uuv_sensor_ros_plugins_msgs-msg-paths.cmake
Warning: Source hash: 9790a9cc03cf2a311e4a659485323c69
Warning: Dest hash: e94740912b58fcd896bbce9b9f71b0e0
Warning: Cannot symlink from /home/stephan/Gitkraken/RIS Lab 1 uuv_simulator/catkinws/devel/.private/uuv_sensor_ros_plugins_msgs/share/uuv_sensor_ros_plugins_msgs/cmake/uuv_sensor_ros_plugins_msgs-msg-extras.cmake to existing file /home/stephan/Gitkraken/RIS Lab 1 uuv_simulator/catkinws/devel/share/uuv_sensor_ros_plugins_msgs/cmake/uuv_sensor_ros_plugins_msgs-msg-extras.cmake
Warning: Source hash: da7151e629fbe2ff3c1ff8f0405c03b7
Warning: Dest hash: bd1b986ef1928b2f7d6d972755721de2
Warning: Cannot symlink from /home/stephan/Gitkraken/RIS Lab 1 uuv_simulator/catkinws/devel/.private/uuv_sensor_ros_plugins_msgs/lib/pkgconfig/uuv_sensor_ros_plugins_msgs.pc to existing file /home/stephan/Gitkraken/RIS Lab 1 uuv_simulator/catkinws/devel/lib/pkgconfig/uuv_sensor_ros_plugins_msgs.pc
Warning: Source hash: 99f56bad18b358f5962efc56436e1ba6
Warning: Dest hash: 30a11b20d38f5783955f9d13cd8cfa5a
Cleaning: (/home/stephan/catkinws/devel/.private/uuv_sensor_ros_plugins_msgs/cmake.lock, /home/stephan/catkinws/devel/./cmake.lock)
Cleaning: (/home/stephan/catkinws/devel/.private/uuv_sensor_ros_plugins_msgs/share/roseus/ros/uuv_sensor_ros_plugins_msgs/manifest.l, /home/stephan/catkinws/devel/share/roseus/ros/uuv_sensor_ros_plugins_msgs/manifest.l)
Cleaning: (/home/stephan/catkinws/devel/.private/uuv_sensor_ros_plugins_msgs/share/roseus/ros/uuv_sensor_ros_plugins_msgs/msg/Salinity.l, /home/stephan/catkinws/devel/share/roseus/ros/uuv_sensor_ros_plugins_msgs/msg/Salinity.l)
Cleaning: (/home/stephan/catkinws/devel/.private/uuv_sensor_ros_plugins_msgs/share/roseus/ros/uuv_sensor_ros_plugins_msgs/msg/PositionWithCovariance.l, /home/stephan/catkinws/devel/share/roseus/ros/uuv_sensor_ros_plugins_msgs/msg/PositionWithCovariance.l)
Cleaning: (/home/stephan/catkinws/devel/.private/uuv_sensor_ros_plugins_msgs/share/roseus/ros/uuv_sensor_ros_plugins_msgs/msg/DVL.l, /home/stephan/catkinws/devel/share/roseus/ros/uuv_sensor_ros_plugins_msgs/msg/DVL.l)
Cleaning: (/home/stephan/catkinws/devel/.private/uuv_sensor_ros_plugins_msgs/share/roseus/ros/uuv_sensor_ros_plugins_msgs/msg/PositionWithCovarianceStamped.l, /home/stephan/catkinws/devel/share/roseus/ros/uuv_sensor_ros_plugins_msgs/msg/PositionWithCovarianceStamped.l)
Cleaning: (/home/stephan/catkinws/devel/.private/uuv_sensor_ros_plugins_msgs/share/roseus/ros/uuv_sensor_ros_plugins_msgs/msg/ChemicalParticleConcentration.l, /home/stephan/catkinws/devel/share/roseus/ros/uuv_sensor_ros_plugins_msgs/msg/ChemicalParticleConcentration.l)
Cleaning: (/home/stephan/catkinws/devel/.private/uuv_sensor_ros_plugins_msgs/share/roseus/ros/uuv_sensor_ros_plugins_msgs/msg/DVLBeam.l, /home/stephan/catkinws/devel/share/roseus/ros/uuv_sensor_ros_plugins_msgs/msg/DVLBeam.l)
Cleaning: (/home/stephan/catkinws/devel/.private/uuv_sensor_ros_plugins_msgs/share/roseus/ros/uuv_sensor_ros_plugins_msgs/srv/ChangeSensorState.l, /home/stephan/catkinws/devel/share/roseus/ros/uuv_sensor_ros_plugins_msgs/srv/ChangeSensorState.l)
Cleaning: (/home/stephan/catkinws/devel/.private/uuv_sensor_ros_plugins_msgs/share/uuv_sensor_ros_plugins_msgs/cmake/uuv_sensor_ros_plugins_msgsConfig.cmake, /home/stephan/catkinws/devel/share/uuv_sensor_ros_plugins_msgs/cmake/uuv_sensor_ros_plugins_msgsConfig.cmake)
Cleaning: (/home/stephan/catkinws/devel/.private/uuv_sensor_ros_plugins_msgs/share/uuv_sensor_ros_plugins_msgs/cmake/uuv_sensor_ros_plugins_msgs-msg-paths.cmake, /home/stephan/catkinws/devel/share/uuv_sensor_ros_plugins_msgs/cmake/uuv_sensor_ros_plugins_msgs-msg-paths.cmake)
Cleaning: (/home/stephan/catkinws/devel/.private/uuv_sensor_ros_plugins_msgs/share/uuv_sensor_ros_plugins_msgs/cmake/uuv_sensor_ros_plugins_msgs-msg-extras.cmake, /home/stephan/catkinws/devel/share/uuv_sensor_ros_plugins_msgs/cmake/uuv_sensor_ros_plugins_msgs-msg-extras.cmake)
Cleaning: (/home/stephan/catkinws/devel/.private/uuv_sensor_ros_plugins_msgs/share/uuv_sensor_ros_plugins_msgs/cmake/uuv_sensor_ros_plugins_msgsConfig-version.cmake, /home/stephan/catkinws/devel/share/uuv_sensor_ros_plugins_msgs/cmake/uuv_sensor_ros_plugins_msgsConfig-version.cmake)
Cleaning: (/home/stephan/catkinws/devel/.private/uuv_sensor_ros_plugins_msgs/share/common-lisp/ros/uuv_sensor_ros_plugins_msgs/msg/_package.lisp, /home/stephan/catkinws/devel/share/common-lisp/ros/uuv_sensor_ros_plugins_msgs/msg/_package.lisp)
Cleaning: (/home/stephan/catkinws/devel/.private/uuv_sensor_ros_plugins_msgs/share/common-lisp/ros/uuv_sensor_ros_plugins_msgs/msg/DVL.lisp, /home/stephan/catkinws/devel/share/common-lisp/ros/uuv_sensor_ros_plugins_msgs/msg/DVL.lisp)
Cleaning: (/home/stephan/catkinws/devel/.private/uuv_sensor_ros_plugins_msgs/share/common-lisp/ros/uuv_sensor_ros_plugins_msgs/msg/_package_PositionWithCovariance.lisp, /home/stephan/catkinws/devel/share/common-lisp/ros/uuv_sensor_ros_plugins_msgs/msg/_package_PositionWithCovariance.lisp)
Cleaning: (/home/stephan/catkinws/devel/.private/uuv_sensor_ros_plugins_msgs/share/common-lisp/ros/uuv_sensor_ros_plugins_msgs/msg/ChemicalParticleConcentration.lisp, /home/stephan/catkinws/devel/share/common-lisp/ros/uuv_sensor_ros_plugins_msgs/msg/ChemicalParticleConcentration.lisp)
Cleaning: (/home/stephan/catkinws/devel/.private/uuv_sensor_ros_plugins_msgs/share/common-lisp/ros/uuv_sensor_ros_plugins_msgs/msg/_package_Salinity.lisp, /home/stephan/catkinws/devel/share/common-lisp/ros/uuv_sensor_ros_plugins_msgs/msg/_package_Salinity.lisp)
Cleaning: (/home/stephan/catkinws/devel/.private/uuv_sensor_ros_plugins_msgs/share/common-lisp/ros/uuv_sensor_ros_plugins_msgs/msg/_package_DVLBeam.lisp, /home/stephan/catkinws/devel/share/common-lisp/ros/uuv_sensor_ros_plugins_msgs/msg/_package_DVLBeam.lisp)
Cleaning: (/home/stephan/catkinws/devel/.private/uuv_sensor_ros_plugins_msgs/share/common-lisp/ros/uuv_sensor_ros_plugins_msgs/msg/_package_PositionWithCovarianceStamped.lisp, /home/stephan/catkinws/devel/share/common-lisp/ros/uuv_sensor_ros_plugins_msgs/msg/_package_PositionWithCovarianceStamped.lisp)
Cleaning: (/home/stephan/catkinws/devel/.private/uuv_sensor_ros_plugins_msgs/share/common-lisp/ros/uuv_sensor_ros_plugins_msgs/msg/_package_DVL.lisp, /home/stephan/catkinws/devel/share/common-lisp/ros/uuv_sensor_ros_plugins_msgs/msg/_package_DVL.lisp)
Cleaning: (/home/stephan/catkinws/devel/.private/uuv_sensor_ros_plugins_msgs/share/common-lisp/ros/uuv_sensor_ros_plugins_msgs/msg/DVLBeam.lisp, /home/stephan/catkinws/devel/share/common-lisp/ros/uuv_sensor_ros_plugins_msgs/msg/DVLBeam.lisp)
Cleaning: (/home/stephan/catkinws/devel/.private/uuv_sensor_ros_plugins_msgs/share/common-lisp/ros/uuv_sensor_ros_plugins_msgs/msg/uuv_sensor_ros_plugins_msgs-msg.asd, /home/stephan/catkinws/devel/share/common-lisp/ros/uuv_sensor_ros_plugins_msgs/msg/uuv_sensor_ros_plugins_msgs-msg.asd)
Cleaning: (/home/stephan/catkinws/devel/.private/uuv_sensor_ros_plugins_msgs/share/common-lisp/ros/uuv_sensor_ros_plugins_msgs/msg/_package_ChemicalParticleConcentration.lisp, /home/stephan/catkinws/devel/share/common-lisp/ros/uuv_sensor_ros_plugins_msgs/msg/_package_ChemicalParticleConcentration.lisp)
Cleaning: (/home/stephan/catkinws/devel/.private/uuv_sensor_ros_plugins_msgs/share/common-lisp/ros/uuv_sensor_ros_plugins_msgs/msg/Salinity.lisp, /home/stephan/catkinws/devel/share/common-lisp/ros/uuv_sensor_ros_plugins_msgs/msg/Salinity.lisp)
Cleaning: (/home/stephan/catkinws/devel/.private/uuv_sensor_ros_plugins_msgs/share/common-lisp/ros/uuv_sensor_ros_plugins_msgs/msg/PositionWithCovariance.lisp, /home/stephan/catkinws/devel/share/common-lisp/ros/uuv_sensor_ros_plugins_msgs/msg/PositionWithCovariance.lisp)
Cleaning: (/home/stephan/catkinws/devel/.private/uuv_sensor_ros_plugins_msgs/share/common-lisp/ros/uuv_sensor_ros_plugins_msgs/msg/PositionWithCovarianceStamped.lisp, /home/stephan/catkinws/devel/share/common-lisp/ros/uuv_sensor_ros_plugins_msgs/msg/PositionWithCovarianceStamped.lisp)
Cleaning: (/home/stephan/catkinws/devel/.private/uuv_sensor_ros_plugins_msgs/share/common-lisp/ros/uuv_sensor_ros_plugins_msgs/srv/_package.lisp, /home/stephan/catkinws/devel/share/common-lisp/ros/uuv_sensor_ros_plugins_msgs/srv/_package.lisp)
Cleaning: (/home/stephan/catkinws/devel/.private/uuv_sensor_ros_plugins_msgs/share/common-lisp/ros/uuv_sensor_ros_plugins_msgs/srv/ChangeSensorState.lisp, /home/stephan/catkinws/devel/share/common-lisp/ros/uuv_sensor_ros_plugins_msgs/srv/ChangeSensorState.lisp)
Cleaning: (/home/stephan/catkinws/devel/.private/uuv_sensor_ros_plugins_msgs/share/common-lisp/ros/uuv_sensor_ros_plugins_msgs/srv/uuv_sensor_ros_plugins_msgs-srv.asd, /home/stephan/catkinws/devel/share/common-lisp/ros/uuv_sensor_ros_plugins_msgs/srv/uuv_sensor_ros_plugins_msgs-srv.asd)
Cleaning: (/home/stephan/catkinws/devel/.private/uuv_sensor_ros_plugins_msgs/share/common-lisp/ros/uuv_sensor_ros_plugins_msgs/srv/_package_ChangeSensorState.lisp, /home/stephan/catkinws/devel/share/common-lisp/ros/uuv_sensor_ros_plugins_msgs/srv/_package_ChangeSensorState.lisp)
Cleaning: (/home/stephan/catkinws/devel/.private/uuv_sensor_ros_plugins_msgs/share/gennodejs/ros/uuv_sensor_ros_plugins_msgs/_index.js, /home/stephan/catkinws/devel/share/gennodejs/ros/uuv_sensor_ros_plugins_msgs/_index.js)
Cleaning: (/home/stephan/catkinws/devel/.private/uuv_sensor_ros_plugins_msgs/share/gennodejs/ros/uuv_sensor_ros_plugins_msgs/msg/_index.js, /home/stephan/catkinws/devel/share/gennodejs/ros/uuv_sensor_ros_plugins_msgs/msg/_index.js)
Cleaning: (/home/stephan/catkinws/devel/.private/uuv_sensor_ros_plugins_msgs/share/gennodejs/ros/uuv_sensor_ros_plugins_msgs/msg/DVL.js, /home/stephan/catkinws/devel/share/gennodejs/ros/uuv_sensor_ros_plugins_msgs/msg/DVL.js)
Cleaning: (/home/stephan/catkinws/devel/.private/uuv_sensor_ros_plugins_msgs/share/gennodejs/ros/uuv_sensor_ros_plugins_msgs/msg/ChemicalParticleConcentration.js, /home/stephan/catkinws/devel/share/gennodejs/ros/uuv_sensor_ros_plugins_msgs/msg/ChemicalParticleConcentration.js)
Cleaning: (/home/stephan/catkinws/devel/.private/uuv_sensor_ros_plugins_msgs/share/gennodejs/ros/uuv_sensor_ros_plugins_msgs/msg/Salinity.js, /home/stephan/catkinws/devel/share/gennodejs/ros/uuv_sensor_ros_plugins_msgs/msg/Salinity.js)
Cleaning: (/home/stephan/catkinws/devel/.private/uuv_sensor_ros_plugins_msgs/share/gennodejs/ros/uuv_sensor_ros_plugins_msgs/msg/PositionWithCovarianceStamped.js, /home/stephan/catkinws/devel/share/gennodejs/ros/uuv_sensor_ros_plugins_msgs/msg/PositionWithCovarianceStamped.js)
Cleaning: (/home/stephan/catkinws/devel/.private/uuv_sensor_ros_plugins_msgs/share/gennodejs/ros/uuv_sensor_ros_plugins_msgs/msg/DVLBeam.js, /home/stephan/catkinws/devel/share/gennodejs/ros/uuv_sensor_ros_plugins_msgs/msg/DVLBeam.js)
Cleaning: (/home/stephan/catkinws/devel/.private/uuv_sensor_ros_plugins_msgs/share/gennodejs/ros/uuv_sensor_ros_plugins_msgs/msg/PositionWithCovariance.js, /home/stephan/catkinws/devel/share/gennodejs/ros/uuv_sensor_ros_plugins_msgs/msg/PositionWithCovariance.js)
Cleaning: (/home/stephan/catkinws/devel/.private/uuv_sensor_ros_plugins_msgs/share/gennodejs/ros/uuv_sensor_ros_plugins_msgs/srv/_index.js, /home/stephan/catkinws/devel/share/gennodejs/ros/uuv_sensor_ros_plugins_msgs/srv/_index.js)
Cleaning: (/home/stephan/catkinws/devel/.private/uuv_sensor_ros_plugins_msgs/share/gennodejs/ros/uuv_sensor_ros_plugins_msgs/srv/ChangeSensorState.js, /home/stephan/catkinws/devel/share/gennodejs/ros/uuv_sensor_ros_plugins_msgs/srv/ChangeSensorState.js)
Cleaning: (/home/stephan/catkinws/devel/.private/uuv_sensor_ros_plugins_msgs/lib/python3/dist-packages/uuv_sensor_ros_plugins_msgs/__init__.py, /home/stephan/catkinws/devel/lib/python3/dist-packages/uuv_sensor_ros_plugins_msgs/__init__.py)
Cleaning: (/home/stephan/catkinws/devel/.private/uuv_sensor_ros_plugins_msgs/lib/python3/dist-packages/uuv_sensor_ros_plugins_msgs/msg/_DVLBeam.py, /home/stephan/catkinws/devel/lib/python3/dist-packages/uuv_sensor_ros_plugins_msgs/msg/_DVLBeam.py)
Cleaning: (/home/stephan/catkinws/devel/.private/uuv_sensor_ros_plugins_msgs/lib/python3/dist-packages/uuv_sensor_ros_plugins_msgs/msg/_PositionWithCovarianceStamped.py, /home/stephan/catkinws/devel/lib/python3/dist-packages/uuv_sensor_ros_plugins_msgs/msg/_PositionWithCovarianceStamped.py)
Cleaning: (/home/stephan/catkinws/devel/.private/uuv_sensor_ros_plugins_msgs/lib/python3/dist-packages/uuv_sensor_ros_plugins_msgs/msg/_DVL.py, /home/stephan/catkinws/devel/lib/python3/dist-packages/uuv_sensor_ros_plugins_msgs/msg/_DVL.py)
Cleaning: (/home/stephan/catkinws/devel/.private/uuv_sensor_ros_plugins_msgs/lib/python3/dist-packages/uuv_sensor_ros_plugins_msgs/msg/_Salinity.py, /home/stephan/catkinws/devel/lib/python3/dist-packages/uuv_sensor_ros_plugins_msgs/msg/_Salinity.py)
Cleaning: (/home/stephan/catkinws/devel/.private/uuv_sensor_ros_plugins_msgs/lib/python3/dist-packages/uuv_sensor_ros_plugins_msgs/msg/__init__.py, /home/stephan/catkinws/devel/lib/python3/dist-packages/uuv_sensor_ros_plugins_msgs/msg/__init__.py)
Cleaning: (/home/stephan/catkinws/devel/.private/uuv_sensor_ros_plugins_msgs/lib/python3/dist-packages/uuv_sensor_ros_plugins_msgs/msg/_PositionWithCovariance.py, /home/stephan/catkinws/devel/lib/python3/dist-packages/uuv_sensor_ros_plugins_msgs/msg/_PositionWithCovariance.py)
Cleaning: (/home/stephan/catkinws/devel/.private/uuv_sensor_ros_plugins_msgs/lib/python3/dist-packages/uuv_sensor_ros_plugins_msgs/msg/_ChemicalParticleConcentration.py, /home/stephan/catkinws/devel/lib/python3/dist-packages/uuv_sensor_ros_plugins_msgs/msg/_ChemicalParticleConcentration.py)
Cleaning: (/home/stephan/catkinws/devel/.private/uuv_sensor_ros_plugins_msgs/lib/python3/dist-packages/uuv_sensor_ros_plugins_msgs/srv/_ChangeSensorState.py, /home/stephan/catkinws/devel/lib/python3/dist-packages/uuv_sensor_ros_plugins_msgs/srv/_ChangeSensorState.py)
Cleaning: (/home/stephan/catkinws/devel/.private/uuv_sensor_ros_plugins_msgs/lib/python3/dist-packages/uuv_sensor_ros_plugins_msgs/srv/__init__.py, /home/stephan/catkinws/devel/lib/python3/dist-packages/uuv_sensor_ros_plugins_msgs/srv/__init__.py)
Cleaning: (/home/stephan/catkinws/devel/.private/uuv_sensor_ros_plugins_msgs/lib/pkgconfig/uuv_sensor_ros_plugins_msgs.pc, /home/stephan/catkinws/devel/lib/pkgconfig/uuv_sensor_ros_plugins_msgs.pc)
Cleaning: (/home/stephan/catkinws/devel/.private/uuv_sensor_ros_plugins_msgs/include/uuv_sensor_ros_plugins_msgs/DVLBeam.h, /home/stephan/catkinws/devel/include/uuv_sensor_ros_plugins_msgs/DVLBeam.h)
Cleaning: (/home/stephan/catkinws/devel/.private/uuv_sensor_ros_plugins_msgs/include/uuv_sensor_ros_plugins_msgs/ChangeSensorStateResponse.h, /home/stephan/catkinws/devel/include/uuv_sensor_ros_plugins_msgs/ChangeSensorStateResponse.h)
Cleaning: (/home/stephan/catkinws/devel/.private/uuv_sensor_ros_plugins_msgs/include/uuv_sensor_ros_plugins_msgs/Salinity.h, /home/stephan/catkinws/devel/include/uuv_sensor_ros_plugins_msgs/Salinity.h)
Cleaning: (/home/stephan/catkinws/devel/.private/uuv_sensor_ros_plugins_msgs/include/uuv_sensor_ros_plugins_msgs/DVL.h, /home/stephan/catkinws/devel/include/uuv_sensor_ros_plugins_msgs/DVL.h)
Cleaning: (/home/stephan/catkinws/devel/.private/uuv_sensor_ros_plugins_msgs/include/uuv_sensor_ros_plugins_msgs/ChangeSensorState.h, /home/stephan/catkinws/devel/include/uuv_sensor_ros_plugins_msgs/ChangeSensorState.h)
Cleaning: (/home/stephan/catkinws/devel/.private/uuv_sensor_ros_plugins_msgs/include/uuv_sensor_ros_plugins_msgs/ChemicalParticleConcentration.h, /home/stephan/catkinws/devel/include/uuv_sensor_ros_plugins_msgs/ChemicalParticleConcentration.h)
Cleaning: (/home/stephan/catkinws/devel/.private/uuv_sensor_ros_plugins_msgs/include/uuv_sensor_ros_plugins_msgs/PositionWithCovarianceStamped.h, /home/stephan/catkinws/devel/include/uuv_sensor_ros_plugins_msgs/PositionWithCovarianceStamped.h)
Cleaning: (/home/stephan/catkinws/devel/.private/uuv_sensor_ros_plugins_msgs/include/uuv_sensor_ros_plugins_msgs/ChangeSensorStateRequest.h, /home/stephan/catkinws/devel/include/uuv_sensor_ros_plugins_msgs/ChangeSensorStateRequest.h)
Cleaning: (/home/stephan/catkinws/devel/.private/uuv_sensor_ros_plugins_msgs/include/uuv_sensor_ros_plugins_msgs/PositionWithCovariance.h, /home/stephan/catkinws/devel/include/uuv_sensor_ros_plugins_msgs/PositionWithCovariance.h)
Unlinking: /home/stephan/catkinws/devel/share/roseus/ros/uuv_sensor_ros_plugins_msgs/manifest.l
Unlinking: /home/stephan/catkinws/devel/share/roseus/ros/uuv_sensor_ros_plugins_msgs/msg/Salinity.l
Unlinking: /home/stephan/catkinws/devel/share/roseus/ros/uuv_sensor_ros_plugins_msgs/msg/PositionWithCovariance.l
Unlinking: /home/stephan/catkinws/devel/share/roseus/ros/uuv_sensor_ros_plugins_msgs/msg/DVL.l
Unlinking: /home/stephan/catkinws/devel/share/roseus/ros/uuv_sensor_ros_plugins_msgs/msg/PositionWithCovarianceStamped.l
Unlinking: /home/stephan/catkinws/devel/share/roseus/ros/uuv_sensor_ros_plugins_msgs/msg/ChemicalParticleConcentration.l
Unlinking: /home/stephan/catkinws/devel/share/roseus/ros/uuv_sensor_ros_plugins_msgs/msg/DVLBeam.l
Unlinking: /home/stephan/catkinws/devel/share/roseus/ros/uuv_sensor_ros_plugins_msgs/srv/ChangeSensorState.l
Unlinking: /home/stephan/catkinws/devel/share/uuv_sensor_ros_plugins_msgs/cmake/uuv_sensor_ros_plugins_msgsConfig.cmake
Unlinking: /home/stephan/catkinws/devel/share/uuv_sensor_ros_plugins_msgs/cmake/uuv_sensor_ros_plugins_msgs-msg-paths.cmake
Unlinking: /home/stephan/catkinws/devel/share/uuv_sensor_ros_plugins_msgs/cmake/uuv_sensor_ros_plugins_msgs-msg-extras.cmake
Unlinking: /home/stephan/catkinws/devel/share/uuv_sensor_ros_plugins_msgs/cmake/uuv_sensor_ros_plugins_msgsConfig-version.cmake
Unlinking: /home/stephan/catkinws/devel/share/common-lisp/ros/uuv_sensor_ros_plugins_msgs/msg/_package.lisp
Unlinking: /home/stephan/catkinws/devel/share/common-lisp/ros/uuv_sensor_ros_plugins_msgs/msg/DVL.lisp
Unlinking: /home/stephan/catkinws/devel/share/common-lisp/ros/uuv_sensor_ros_plugins_msgs/msg/_package_PositionWithCovariance.lisp
Unlinking: /home/stephan/catkinws/devel/share/common-lisp/ros/uuv_sensor_ros_plugins_msgs/msg/ChemicalParticleConcentration.lisp
Unlinking: /home/stephan/catkinws/devel/share/common-lisp/ros/uuv_sensor_ros_plugins_msgs/msg/_package_Salinity.lisp
Unlinking: /home/stephan/catkinws/devel/share/common-lisp/ros/uuv_sensor_ros_plugins_msgs/msg/_package_DVLBeam.lisp
Unlinking: /home/stephan/catkinws/devel/share/common-lisp/ros/uuv_sensor_ros_plugins_msgs/msg/_package_PositionWithCovarianceStamped.lisp
Unlinking: /home/stephan/catkinws/devel/share/common-lisp/ros/uuv_sensor_ros_plugins_msgs/msg/_package_DVL.lisp
Unlinking: /home/stephan/catkinws/devel/share/common-lisp/ros/uuv_sensor_ros_plugins_msgs/msg/DVLBeam.lisp
Unlinking: /home/stephan/catkinws/devel/share/common-lisp/ros/uuv_sensor_ros_plugins_msgs/msg/uuv_sensor_ros_plugins_msgs-msg.asd
Unlinking: /home/stephan/catkinws/devel/share/common-lisp/ros/uuv_sensor_ros_plugins_msgs/msg/_package_ChemicalParticleConcentration.lisp
Unlinking: /home/stephan/catkinws/devel/share/common-lisp/ros/uuv_sensor_ros_plugins_msgs/msg/Salinity.lisp
Unlinking: /home/stephan/catkinws/devel/share/common-lisp/ros/uuv_sensor_ros_plugins_msgs/msg/PositionWithCovariance.lisp
Unlinking: /home/stephan/catkinws/devel/share/common-lisp/ros/uuv_sensor_ros_plugins_msgs/msg/PositionWithCovarianceStamped.lisp
Unlinking: /home/stephan/catkinws/devel/share/common-lisp/ros/uuv_sensor_ros_plugins_msgs/srv/_package.lisp
Unlinking: /home/stephan/catkinws/devel/share/common-lisp/ros/uuv_sensor_ros_plugins_msgs/srv/ChangeSensorState.lisp
Unlinking: /home/stephan/catkinws/devel/share/common-lisp/ros/uuv_sensor_ros_plugins_msgs/srv/uuv_sensor_ros_plugins_msgs-srv.asd
Unlinking: /home/stephan/catkinws/devel/share/common-lisp/ros/uuv_sensor_ros_plugins_msgs/srv/_package_ChangeSensorState.lisp
Unlinking: /home/stephan/catkinws/devel/share/gennodejs/ros/uuv_sensor_ros_plugins_msgs/_index.js
Unlinking: /home/stephan/catkinws/devel/share/gennodejs/ros/uuv_sensor_ros_plugins_msgs/msg/_index.js
Unlinking: /home/stephan/catkinws/devel/share/gennodejs/ros/uuv_sensor_ros_plugins_msgs/msg/DVL.js
Unlinking: /home/stephan/catkinws/devel/share/gennodejs/ros/uuv_sensor_ros_plugins_msgs/msg/ChemicalParticleConcentration.js
Unlinking: /home/stephan/catkinws/devel/share/gennodejs/ros/uuv_sensor_ros_plugins_msgs/msg/Salinity.js
Unlinking: /home/stephan/catkinws/devel/share/gennodejs/ros/uuv_sensor_ros_plugins_msgs/msg/PositionWithCovarianceStamped.js
Unlinking: /home/stephan/catkinws/devel/share/gennodejs/ros/uuv_sensor_ros_plugins_msgs/msg/DVLBeam.js
Unlinking: /home/stephan/catkinws/devel/share/gennodejs/ros/uuv_sensor_ros_plugins_msgs/msg/PositionWithCovariance.js
Unlinking: /home/stephan/catkinws/devel/share/gennodejs/ros/uuv_sensor_ros_plugins_msgs/srv/_index.js
Unlinking: /home/stephan/catkinws/devel/share/gennodejs/ros/uuv_sensor_ros_plugins_msgs/srv/ChangeSensorState.js
Unlinking: /home/stephan/catkinws/devel/lib/python3/dist-packages/uuv_sensor_ros_plugins_msgs/__init__.py
Unlinking: /home/stephan/catkinws/devel/lib/python3/dist-packages/uuv_sensor_ros_plugins_msgs/msg/_DVLBeam.py
Unlinking: /home/stephan/catkinws/devel/lib/python3/dist-packages/uuv_sensor_ros_plugins_msgs/msg/_PositionWithCovarianceStamped.py
Unlinking: /home/stephan/catkinws/devel/lib/python3/dist-packages/uuv_sensor_ros_plugins_msgs/msg/_DVL.py
Unlinking: /home/stephan/catkinws/devel/lib/python3/dist-packages/uuv_sensor_ros_plugins_msgs/msg/_Salinity.py
Unlinking: /home/stephan/catkinws/devel/lib/python3/dist-packages/uuv_sensor_ros_plugins_msgs/msg/__init__.py
Unlinking: /home/stephan/catkinws/devel/lib/python3/dist-packages/uuv_sensor_ros_plugins_msgs/msg/_PositionWithCovariance.py
Unlinking: /home/stephan/catkinws/devel/lib/python3/dist-packages/uuv_sensor_ros_plugins_msgs/msg/_ChemicalParticleConcentration.py
Unlinking: /home/stephan/catkinws/devel/lib/python3/dist-packages/uuv_sensor_ros_plugins_msgs/srv/_ChangeSensorState.py
Unlinking: /home/stephan/catkinws/devel/lib/python3/dist-packages/uuv_sensor_ros_plugins_msgs/srv/__init__.py
Unlinking: /home/stephan/catkinws/devel/lib/pkgconfig/uuv_sensor_ros_plugins_msgs.pc
Unlinking: /home/stephan/catkinws/devel/include/uuv_sensor_ros_plugins_msgs/DVLBeam.h
Unlinking: /home/stephan/catkinws/devel/include/uuv_sensor_ros_plugins_msgs/ChangeSensorStateResponse.h
Unlinking: /home/stephan/catkinws/devel/include/uuv_sensor_ros_plugins_msgs/Salinity.h
Unlinking: /home/stephan/catkinws/devel/include/uuv_sensor_ros_plugins_msgs/DVL.h
Unlinking: /home/stephan/catkinws/devel/include/uuv_sensor_ros_plugins_msgs/ChangeSensorState.h
Unlinking: /home/stephan/catkinws/devel/include/uuv_sensor_ros_plugins_msgs/ChemicalParticleConcentration.h
Unlinking: /home/stephan/catkinws/devel/include/uuv_sensor_ros_plugins_msgs/PositionWithCovarianceStamped.h
Unlinking: /home/stephan/catkinws/devel/include/uuv_sensor_ros_plugins_msgs/ChangeSensorStateRequest.h
Unlinking: /home/stephan/catkinws/devel/include/uuv_sensor_ros_plugins_msgs/PositionWithCovariance.h
