[35m[1mScanning dependencies of target _uuv_sensor_ros_plugins_msgs_generate_messages_check_deps_DVLBeam[0m
[  0%] Built target _uuv_sensor_ros_plugins_msgs_generate_messages_check_deps_DVLBeam
[35m[1mScanning dependencies of target _uuv_sensor_ros_plugins_msgs_generate_messages_check_deps_PositionWithCovariance[0m
[  0%] Built target _uuv_sensor_ros_plugins_msgs_generate_messages_check_deps_PositionWithCovariance
[35m[1mScanning dependencies of target geometry_msgs_generate_messages_eus[0m
[  0%] Built target geometry_msgs_generate_messages_eus
[35m[1mScanning dependencies of target _uuv_sensor_ros_plugins_msgs_generate_messages_check_deps_DVL[0m
[  0%] Built target _uuv_sensor_ros_plugins_msgs_generate_messages_check_deps_DVL
[35m[1mScanning dependencies of target _uuv_sensor_ros_plugins_msgs_generate_messages_check_deps_PositionWithCovarianceStamped[0m
[  0%] Built target _uuv_sensor_ros_plugins_msgs_generate_messages_check_deps_PositionWithCovarianceStamped
[35m[1mScanning dependencies of target _uuv_sensor_ros_plugins_msgs_generate_messages_check_deps_ChemicalParticleConcentration[0m
[  0%] Built target _uuv_sensor_ros_plugins_msgs_generate_messages_check_deps_ChemicalParticleConcentration
[35m[1mScanning dependencies of target _uuv_sensor_ros_plugins_msgs_generate_messages_check_deps_ChangeSensorState[0m
[  0%] Built target _uuv_sensor_ros_plugins_msgs_generate_messages_check_deps_ChangeSensorState
[35m[1mScanning dependencies of target _uuv_sensor_ros_plugins_msgs_generate_messages_check_deps_Salinity[0m
[  0%] Built target _uuv_sensor_ros_plugins_msgs_generate_messages_check_deps_Salinity
[35m[1mScanning dependencies of target geometry_msgs_generate_messages_py[0m
[  0%] Built target geometry_msgs_generate_messages_py
[35m[1mScanning dependencies of target geometry_msgs_generate_messages_nodejs[0m
[  0%] Built target geometry_msgs_generate_messages_nodejs
[35m[1mScanning dependencies of target geometry_msgs_generate_messages_lisp[0m
[  0%] Built target geometry_msgs_generate_messages_lisp
[35m[1mScanning dependencies of target geometry_msgs_generate_messages_cpp[0m
[  0%] Built target geometry_msgs_generate_messages_cpp
[35m[1mScanning dependencies of target uuv_sensor_ros_plugins_msgs_generate_messages_eus[0m
[ 21%] Built target uuv_sensor_ros_plugins_msgs_generate_messages_eus
[35m[1mScanning dependencies of target uuv_sensor_ros_plugins_msgs_generate_messages_py[0m
[ 44%] Built target uuv_sensor_ros_plugins_msgs_generate_messages_py
[35m[1mScanning dependencies of target uuv_sensor_ros_plugins_msgs_generate_messages_nodejs[0m
[ 63%] Built target uuv_sensor_ros_plugins_msgs_generate_messages_nodejs
[35m[1mScanning dependencies of target uuv_sensor_ros_plugins_msgs_generate_messages_lisp[0m
[ 81%] Built target uuv_sensor_ros_plugins_msgs_generate_messages_lisp
[35m[1mScanning dependencies of target uuv_sensor_ros_plugins_msgs_generate_messages_cpp[0m
[100%] Built target uuv_sensor_ros_plugins_msgs_generate_messages_cpp
[35m[1mScanning dependencies of target uuv_sensor_ros_plugins_msgs_generate_messages[0m
[100%] Built target uuv_sensor_ros_plugins_msgs_generate_messages
