Warning: Cannot symlink from /home/stephan/Gitkraken/RIS Lab 1 uuv_simulator/catkinws/devel/.private/uuv_control_utils/share/uuv_control_utils/cmake/uuv_control_utilsConfig.cmake to existing file /home/stephan/Gitkraken/RIS Lab 1 uuv_simulator/catkinws/devel/share/uuv_control_utils/cmake/uuv_control_utilsConfig.cmake
Warning: Source hash: eb2434571770a86ba917e81588689181
Warning: Dest hash: b968d0bf2209419a38973059a66647ff
Warning: Cannot symlink from /home/stephan/Gitkraken/RIS Lab 1 uuv_simulator/catkinws/devel/.private/uuv_control_utils/lib/pkgconfig/uuv_control_utils.pc to existing file /home/stephan/Gitkraken/RIS Lab 1 uuv_simulator/catkinws/devel/lib/pkgconfig/uuv_control_utils.pc
Warning: Source hash: 86a85b90a25fde01ce6c51bb523da963
Warning: Dest hash: 1a01f9ae353fc0c6c0ae4c48aff30130
Warning: Cannot symlink from /home/stephan/Gitkraken/RIS Lab 1 uuv_simulator/catkinws/devel/.private/uuv_control_utils/lib/uuv_control_utils/trajectory_marker_publisher.py to existing file /home/stephan/Gitkraken/RIS Lab 1 uuv_simulator/catkinws/devel/lib/uuv_control_utils/trajectory_marker_publisher.py
Warning: Source hash: c069bd96b628d8b27b84be0fbd4fd68b
Warning: Dest hash: 8e9f043ddc93e9fec40fa6cd3939c568
Warning: Cannot symlink from /home/stephan/Gitkraken/RIS Lab 1 uuv_simulator/catkinws/devel/.private/uuv_control_utils/lib/uuv_control_utils/set_gm_current_perturbation.py to existing file /home/stephan/Gitkraken/RIS Lab 1 uuv_simulator/catkinws/devel/lib/uuv_control_utils/set_gm_current_perturbation.py
Warning: Source hash: 277234b2f47804ebaa7b654a3b0730fe
Warning: Dest hash: a66e75db18e8111a90fd51cff1d61f03
Warning: Cannot symlink from /home/stephan/Gitkraken/RIS Lab 1 uuv_simulator/catkinws/devel/.private/uuv_control_utils/lib/uuv_control_utils/send_waypoint_file.py to existing file /home/stephan/Gitkraken/RIS Lab 1 uuv_simulator/catkinws/devel/lib/uuv_control_utils/send_waypoint_file.py
Warning: Source hash: ff8ce918e6e02633540905c4e5c293d2
Warning: Dest hash: 6807ecea2ef821d61f729794694252cd
Warning: Cannot symlink from /home/stephan/Gitkraken/RIS Lab 1 uuv_simulator/catkinws/devel/.private/uuv_control_utils/lib/uuv_control_utils/set_timed_current_perturbation.py to existing file /home/stephan/Gitkraken/RIS Lab 1 uuv_simulator/catkinws/devel/lib/uuv_control_utils/set_timed_current_perturbation.py
Warning: Source hash: 88f57b4e091a33ed639089f54751d14f
Warning: Dest hash: 073cae914d03f663aeaa01a723c599eb
Warning: Cannot symlink from /home/stephan/Gitkraken/RIS Lab 1 uuv_simulator/catkinws/devel/.private/uuv_control_utils/lib/uuv_control_utils/start_helical_trajectory.py to existing file /home/stephan/Gitkraken/RIS Lab 1 uuv_simulator/catkinws/devel/lib/uuv_control_utils/start_helical_trajectory.py
Warning: Source hash: 257d7fe4a83721732df0662d6b8c0da6
Warning: Dest hash: 183e0adbc71ef6b0c37438a4b0efd912
Warning: Cannot symlink from /home/stephan/Gitkraken/RIS Lab 1 uuv_simulator/catkinws/devel/.private/uuv_control_utils/lib/uuv_control_utils/apply_body_wrench.py to existing file /home/stephan/Gitkraken/RIS Lab 1 uuv_simulator/catkinws/devel/lib/uuv_control_utils/apply_body_wrench.py
Warning: Source hash: 527f95441d4aa6ee78cb0dad743f7362
Warning: Dest hash: f0dafd7c58042da44f2436f93fcd0b59
Warning: Cannot symlink from /home/stephan/Gitkraken/RIS Lab 1 uuv_simulator/catkinws/devel/.private/uuv_control_utils/lib/uuv_control_utils/disturbance_manager.py to existing file /home/stephan/Gitkraken/RIS Lab 1 uuv_simulator/catkinws/devel/lib/uuv_control_utils/disturbance_manager.py
Warning: Source hash: 9d9649d55f8c4ef3b4554ce7433afaac
Warning: Dest hash: fb77a92d5b87306ae043f814e84c9d82
Warning: Cannot symlink from /home/stephan/Gitkraken/RIS Lab 1 uuv_simulator/catkinws/devel/.private/uuv_control_utils/lib/uuv_control_utils/set_scalar_parameter.py to existing file /home/stephan/Gitkraken/RIS Lab 1 uuv_simulator/catkinws/devel/lib/uuv_control_utils/set_scalar_parameter.py
Warning: Source hash: 6fcf0671a6d61a2af0ec12dea21fe263
Warning: Dest hash: ceb5a1de89b31e03da8b51173f12686f
Warning: Cannot symlink from /home/stephan/Gitkraken/RIS Lab 1 uuv_simulator/catkinws/devel/.private/uuv_control_utils/lib/uuv_control_utils/set_thruster_state.py to existing file /home/stephan/Gitkraken/RIS Lab 1 uuv_simulator/catkinws/devel/lib/uuv_control_utils/set_thruster_state.py
Warning: Source hash: d007dbe7de6795e6f4c8190dfcf62394
Warning: Dest hash: 34afea8e282370da90a7dcf985f27756
Warning: Cannot symlink from /home/stephan/Gitkraken/RIS Lab 1 uuv_simulator/catkinws/devel/.private/uuv_control_utils/lib/uuv_control_utils/set_thruster_output_efficiency.py to existing file /home/stephan/Gitkraken/RIS Lab 1 uuv_simulator/catkinws/devel/lib/uuv_control_utils/set_thruster_output_efficiency.py
Warning: Source hash: e0663ddda536ff9fa1d5c3b3cb84a04c
Warning: Dest hash: 098a38baa98e92a94bdb52eeeb9c44e4
Warning: Cannot symlink from /home/stephan/Gitkraken/RIS Lab 1 uuv_simulator/catkinws/devel/.private/uuv_control_utils/lib/uuv_control_utils/start_circular_trajectory.py to existing file /home/stephan/Gitkraken/RIS Lab 1 uuv_simulator/catkinws/devel/lib/uuv_control_utils/start_circular_trajectory.py
Warning: Source hash: 9a1dd45d6380e02b0c519027c61e02a7
Warning: Dest hash: 215e5c6ba8f853de7074e815ab7e7b4b
