[35m[1mScanning dependencies of target _uuv_world_ros_plugins_msgs_generate_messages_check_deps_TransformToSphericalCoord[0m
[35m[1mScanning dependencies of target std_msgs_generate_messages_eus[0m
[35m[1mScanning dependencies of target _uuv_world_ros_plugins_msgs_generate_messages_check_deps_SetOriginSphericalCoord[0m
[35m[1mScanning dependencies of target _uuv_world_ros_plugins_msgs_generate_messages_check_deps_GetOriginSphericalCoord[0m
[  0%] Built target std_msgs_generate_messages_eus
[35m[1mScanning dependencies of target geometry_msgs_generate_messages_eus[0m
[  0%] Built target geometry_msgs_generate_messages_eus
[35m[1mScanning dependencies of target _uuv_world_ros_plugins_msgs_generate_messages_check_deps_SetCurrentDirection[0m
[  0%] Built target _uuv_world_ros_plugins_msgs_generate_messages_check_deps_TransformToSphericalCoord
[  0%] Built target _uuv_world_ros_plugins_msgs_generate_messages_check_deps_GetOriginSphericalCoord
[  0%] Built target _uuv_world_ros_plugins_msgs_generate_messages_check_deps_SetOriginSphericalCoord
[35m[1mScanning dependencies of target _uuv_world_ros_plugins_msgs_generate_messages_check_deps_TransformFromSphericalCoord[0m
[35m[1mScanning dependencies of target _uuv_world_ros_plugins_msgs_generate_messages_check_deps_SetCurrentModel[0m
[35m[1mScanning dependencies of target _uuv_world_ros_plugins_msgs_generate_messages_check_deps_GetCurrentModel[0m
[  0%] Built target _uuv_world_ros_plugins_msgs_generate_messages_check_deps_SetCurrentDirection
[  0%] Built target _uuv_world_ros_plugins_msgs_generate_messages_check_deps_SetCurrentModel
[35m[1mScanning dependencies of target _uuv_world_ros_plugins_msgs_generate_messages_check_deps_SetCurrentVelocity[0m
[35m[1mScanning dependencies of target std_msgs_generate_messages_py[0m
[  0%] Built target _uuv_world_ros_plugins_msgs_generate_messages_check_deps_TransformFromSphericalCoord
[  0%] Built target _uuv_world_ros_plugins_msgs_generate_messages_check_deps_GetCurrentModel
[35m[1mScanning dependencies of target geometry_msgs_generate_messages_py[0m
[  0%] Built target std_msgs_generate_messages_py
[35m[1mScanning dependencies of target geometry_msgs_generate_messages_nodejs[0m
[35m[1mScanning dependencies of target std_msgs_generate_messages_nodejs[0m
[  0%] Built target geometry_msgs_generate_messages_py
[  0%] Built target std_msgs_generate_messages_nodejs
[35m[1mScanning dependencies of target std_msgs_generate_messages_lisp[0m
[  0%] Built target geometry_msgs_generate_messages_nodejs
[35m[1mScanning dependencies of target geometry_msgs_generate_messages_lisp[0m
[  0%] Built target _uuv_world_ros_plugins_msgs_generate_messages_check_deps_SetCurrentVelocity
[35m[1mScanning dependencies of target geometry_msgs_generate_messages_cpp[0m
[  0%] Built target std_msgs_generate_messages_lisp
[  0%] Built target geometry_msgs_generate_messages_lisp
[  0%] Built target geometry_msgs_generate_messages_cpp
[35m[1mScanning dependencies of target std_msgs_generate_messages_cpp[0m
[35m[1mScanning dependencies of target uuv_world_ros_plugins_msgs_generate_messages_nodejs[0m
[35m[1mScanning dependencies of target uuv_world_ros_plugins_msgs_generate_messages_eus[0m
[  0%] Built target std_msgs_generate_messages_cpp
[35m[1mScanning dependencies of target uuv_world_ros_plugins_msgs_generate_messages_py[0m
[35m[1mScanning dependencies of target uuv_world_ros_plugins_msgs_generate_messages_lisp[0m
[ 33%] Built target uuv_world_ros_plugins_msgs_generate_messages_eus
[ 40%] Built target uuv_world_ros_plugins_msgs_generate_messages_nodejs
[35m[1mScanning dependencies of target uuv_world_ros_plugins_msgs_generate_messages_cpp[0m
[ 59%] Built target uuv_world_ros_plugins_msgs_generate_messages_lisp
[ 80%] Built target uuv_world_ros_plugins_msgs_generate_messages_py
[100%] Built target uuv_world_ros_plugins_msgs_generate_messages_cpp
[35m[1mScanning dependencies of target uuv_world_ros_plugins_msgs_generate_messages[0m
[100%] Built target uuv_world_ros_plugins_msgs_generate_messages
