Warning: Cannot symlink from /home/stephan/Gitkraken/RIS Lab 1 uuv_simulator/catkinws/devel/.private/uuv_assistants/share/uuv_assistants/cmake/uuv_assistantsConfig.cmake to existing file /home/stephan/Gitkraken/RIS Lab 1 uuv_simulator/catkinws/devel/share/uuv_assistants/cmake/uuv_assistantsConfig.cmake
Warning: Source hash: 23fb572efdd74f12eda2ea49ae276dee
Warning: Dest hash: 23d3e43a2908fc6578e298c32471dd79
Warning: Cannot symlink from /home/stephan/Gitkraken/RIS Lab 1 uuv_simulator/catkinws/devel/.private/uuv_assistants/lib/python3/dist-packages/tf_quaternion/__init__.py to existing file /home/stephan/Gitkraken/RIS Lab 1 uuv_simulator/catkinws/devel/lib/python3/dist-packages/tf_quaternion/__init__.py
Warning: Source hash: 9506f0ccab589a37ff50aecae031e730
Warning: Dest hash: bbe10c7b15679bd7b3b8296a592a79c8
Warning: Cannot symlink from /home/stephan/Gitkraken/RIS Lab 1 uuv_simulator/catkinws/devel/.private/uuv_assistants/lib/pkgconfig/uuv_assistants.pc to existing file /home/stephan/Gitkraken/RIS Lab 1 uuv_simulator/catkinws/devel/lib/pkgconfig/uuv_assistants.pc
Warning: Source hash: ab779046f64113525fee4877a9edf5e5
Warning: Dest hash: 52fad645bf63bc046677de473bd82e99
Warning: Cannot symlink from /home/stephan/Gitkraken/RIS Lab 1 uuv_simulator/catkinws/devel/.private/uuv_assistants/lib/uuv_assistants/uuv_message_to_tf to existing file /home/stephan/Gitkraken/RIS Lab 1 uuv_simulator/catkinws/devel/lib/uuv_assistants/uuv_message_to_tf
Warning: Source hash: 699679519fccba7ff936e6220430bf1b
Warning: Dest hash: 31da4012b8ef0aa6bdebb0997a27b04d
Warning: Cannot symlink from /home/stephan/Gitkraken/RIS Lab 1 uuv_simulator/catkinws/devel/.private/uuv_assistants/lib/uuv_assistants/set_simulation_timer.py to existing file /home/stephan/Gitkraken/RIS Lab 1 uuv_simulator/catkinws/devel/lib/uuv_assistants/set_simulation_timer.py
Warning: Source hash: b5a7bd99eb9a1ceef014a9ac5032ee16
Warning: Dest hash: a0ff6b449cf2ad7f53b6ed3394ccbb03
Warning: Cannot symlink from /home/stephan/Gitkraken/RIS Lab 1 uuv_simulator/catkinws/devel/.private/uuv_assistants/lib/uuv_assistants/publish_vehicle_footprint.py to existing file /home/stephan/Gitkraken/RIS Lab 1 uuv_simulator/catkinws/devel/lib/uuv_assistants/publish_vehicle_footprint.py
Warning: Source hash: e3e48b23c98260feb30e621a6ffc5cf2
Warning: Dest hash: c6840da8c1d99145349653da99c6e00a
Warning: Cannot symlink from /home/stephan/Gitkraken/RIS Lab 1 uuv_simulator/catkinws/devel/.private/uuv_assistants/lib/uuv_assistants/create_new_robot_model to existing file /home/stephan/Gitkraken/RIS Lab 1 uuv_simulator/catkinws/devel/lib/uuv_assistants/create_new_robot_model
Warning: Source hash: f2eefb7863d6563d0ea87383d3a06e89
Warning: Dest hash: 93da25b4506188a491e15bbc95bea849
Warning: Cannot symlink from /home/stephan/Gitkraken/RIS Lab 1 uuv_simulator/catkinws/devel/.private/uuv_assistants/lib/uuv_assistants/unpause_simulation.py to existing file /home/stephan/Gitkraken/RIS Lab 1 uuv_simulator/catkinws/devel/lib/uuv_assistants/unpause_simulation.py
Warning: Source hash: aa4ce22e746d7a8a5389225d2e964746
Warning: Dest hash: ea3a806d6246bedae9d0dbbb6eaa8bdd
Warning: Cannot symlink from /home/stephan/Gitkraken/RIS Lab 1 uuv_simulator/catkinws/devel/.private/uuv_assistants/lib/uuv_assistants/create_thruster_manager_configuration to existing file /home/stephan/Gitkraken/RIS Lab 1 uuv_simulator/catkinws/devel/lib/uuv_assistants/create_thruster_manager_configuration
Warning: Source hash: b633f541715b0abf1091e035576bb666
Warning: Dest hash: 9bd108cb391596622258c8611c2baa69
Warning: Cannot symlink from /home/stephan/Gitkraken/RIS Lab 1 uuv_simulator/catkinws/devel/.private/uuv_assistants/lib/uuv_assistants/publish_world_models.py to existing file /home/stephan/Gitkraken/RIS Lab 1 uuv_simulator/catkinws/devel/lib/uuv_assistants/publish_world_models.py
Warning: Source hash: 9964bd1d09bdc1428cf85068b0ebd7fa
Warning: Dest hash: e485e3dfac1e8bc9ff1e50304376bcd4
Warning: Cannot symlink from /home/stephan/Gitkraken/RIS Lab 1 uuv_simulator/catkinws/devel/.private/uuv_assistants/lib/uuv_assistants/publish_footprints.py to existing file /home/stephan/Gitkraken/RIS Lab 1 uuv_simulator/catkinws/devel/lib/uuv_assistants/publish_footprints.py
Warning: Source hash: 5c389e3afa277b51cbaa045017c2caac
Warning: Dest hash: 2586a698331a5ae2894e5d98390497d1
Cleaning: (/home/stephan/catkinws/devel/.private/uuv_assistants/cmake.lock, /home/stephan/catkinws/devel/./cmake.lock)
Cleaning: (/home/stephan/catkinws/devel/.private/uuv_assistants/share/uuv_assistants/cmake/uuv_assistantsConfig.cmake, /home/stephan/catkinws/devel/share/uuv_assistants/cmake/uuv_assistantsConfig.cmake)
Cleaning: (/home/stephan/catkinws/devel/.private/uuv_assistants/share/uuv_assistants/cmake/uuv_assistantsConfig-version.cmake, /home/stephan/catkinws/devel/share/uuv_assistants/cmake/uuv_assistantsConfig-version.cmake)
Cleaning: (/home/stephan/catkinws/devel/.private/uuv_assistants/lib/python3/dist-packages/tf_quaternion/__init__.py, /home/stephan/catkinws/devel/lib/python3/dist-packages/tf_quaternion/__init__.py)
Cleaning: (/home/stephan/catkinws/devel/.private/uuv_assistants/lib/pkgconfig/uuv_assistants.pc, /home/stephan/catkinws/devel/lib/pkgconfig/uuv_assistants.pc)
Cleaning: (/home/stephan/catkinws/devel/.private/uuv_assistants/lib/uuv_assistants/uuv_message_to_tf, /home/stephan/catkinws/devel/lib/uuv_assistants/uuv_message_to_tf)
Cleaning: (/home/stephan/catkinws/devel/.private/uuv_assistants/lib/uuv_assistants/set_simulation_timer.py, /home/stephan/catkinws/devel/lib/uuv_assistants/set_simulation_timer.py)
Cleaning: (/home/stephan/catkinws/devel/.private/uuv_assistants/lib/uuv_assistants/cmake.lock, /home/stephan/catkinws/devel/lib/uuv_assistants/cmake.lock)
Cleaning: (/home/stephan/catkinws/devel/.private/uuv_assistants/lib/uuv_assistants/publish_vehicle_footprint.py, /home/stephan/catkinws/devel/lib/uuv_assistants/publish_vehicle_footprint.py)
Cleaning: (/home/stephan/catkinws/devel/.private/uuv_assistants/lib/uuv_assistants/create_new_robot_model, /home/stephan/catkinws/devel/lib/uuv_assistants/create_new_robot_model)
Cleaning: (/home/stephan/catkinws/devel/.private/uuv_assistants/lib/uuv_assistants/unpause_simulation.py, /home/stephan/catkinws/devel/lib/uuv_assistants/unpause_simulation.py)
Cleaning: (/home/stephan/catkinws/devel/.private/uuv_assistants/lib/uuv_assistants/create_thruster_manager_configuration, /home/stephan/catkinws/devel/lib/uuv_assistants/create_thruster_manager_configuration)
Cleaning: (/home/stephan/catkinws/devel/.private/uuv_assistants/lib/uuv_assistants/publish_world_models.py, /home/stephan/catkinws/devel/lib/uuv_assistants/publish_world_models.py)
Cleaning: (/home/stephan/catkinws/devel/.private/uuv_assistants/lib/uuv_assistants/publish_footprints.py, /home/stephan/catkinws/devel/lib/uuv_assistants/publish_footprints.py)
Unlinking: /home/stephan/catkinws/devel/share/uuv_assistants/cmake/uuv_assistantsConfig.cmake
Unlinking: /home/stephan/catkinws/devel/share/uuv_assistants/cmake/uuv_assistantsConfig-version.cmake
Unlinking: /home/stephan/catkinws/devel/lib/python3/dist-packages/tf_quaternion/__init__.py
Unlinking: /home/stephan/catkinws/devel/lib/pkgconfig/uuv_assistants.pc
Unlinking: /home/stephan/catkinws/devel/lib/uuv_assistants/uuv_message_to_tf
Unlinking: /home/stephan/catkinws/devel/lib/uuv_assistants/set_simulation_timer.py
Unlinking: /home/stephan/catkinws/devel/lib/uuv_assistants/cmake.lock
Unlinking: /home/stephan/catkinws/devel/lib/uuv_assistants/publish_vehicle_footprint.py
Unlinking: /home/stephan/catkinws/devel/lib/uuv_assistants/create_new_robot_model
Unlinking: /home/stephan/catkinws/devel/lib/uuv_assistants/unpause_simulation.py
Unlinking: /home/stephan/catkinws/devel/lib/uuv_assistants/create_thruster_manager_configuration
Unlinking: /home/stephan/catkinws/devel/lib/uuv_assistants/publish_world_models.py
Unlinking: /home/stephan/catkinws/devel/lib/uuv_assistants/publish_footprints.py
