Warning: Cannot symlink from /home/stephan/Gitkraken/RIS Lab 1 uuv_simulator/catkinws/devel/.private/uuv_descriptions/share/uuv_descriptions/cmake/uuv_descriptionsConfig.cmake to existing file /home/stephan/Gitkraken/RIS Lab 1 uuv_simulator/catkinws/devel/share/uuv_descriptions/cmake/uuv_descriptionsConfig.cmake
Warning: Source hash: 69b97161841d6d2f96c4a25144515749
Warning: Dest hash: cf46daecd950163e879576cf36c4735f
Warning: Cannot symlink from /home/stephan/Gitkraken/RIS Lab 1 uuv_simulator/catkinws/devel/.private/uuv_descriptions/lib/uuv_descriptions/spawn_model to existing file /home/stephan/Gitkraken/RIS Lab 1 uuv_simulator/catkinws/devel/lib/uuv_descriptions/spawn_model
Warning: Source hash: 3a4ffa8cf4f20cb5181faef4d2f0e287
Warning: Dest hash: 95b110320a1208d0b95d933a7e0eef42
Warning: Cannot symlink from /home/stephan/Gitkraken/RIS Lab 1 uuv_simulator/catkinws/devel/.private/uuv_descriptions/lib/pkgconfig/uuv_descriptions.pc to existing file /home/stephan/Gitkraken/RIS Lab 1 uuv_simulator/catkinws/devel/lib/pkgconfig/uuv_descriptions.pc
Warning: Source hash: a03bbc7dcaf210dcec84c092857ffa1c
Warning: Dest hash: 3237ce20d79c955d0afda9bae83ea915
Cleaning: (/home/stephan/catkinws/devel/.private/uuv_descriptions/cmake.lock, /home/stephan/catkinws/devel/./cmake.lock)
Cleaning: (/home/stephan/catkinws/devel/.private/uuv_descriptions/share/uuv_descriptions/cmake/uuv_descriptionsConfig.cmake, /home/stephan/catkinws/devel/share/uuv_descriptions/cmake/uuv_descriptionsConfig.cmake)
Cleaning: (/home/stephan/catkinws/devel/.private/uuv_descriptions/share/uuv_descriptions/cmake/uuv_descriptionsConfig-version.cmake, /home/stephan/catkinws/devel/share/uuv_descriptions/cmake/uuv_descriptionsConfig-version.cmake)
Cleaning: (/home/stephan/catkinws/devel/.private/uuv_descriptions/lib/uuv_descriptions/cmake.lock, /home/stephan/catkinws/devel/lib/uuv_descriptions/cmake.lock)
Cleaning: (/home/stephan/catkinws/devel/.private/uuv_descriptions/lib/uuv_descriptions/spawn_model, /home/stephan/catkinws/devel/lib/uuv_descriptions/spawn_model)
Cleaning: (/home/stephan/catkinws/devel/.private/uuv_descriptions/lib/pkgconfig/uuv_descriptions.pc, /home/stephan/catkinws/devel/lib/pkgconfig/uuv_descriptions.pc)
Unlinking: /home/stephan/catkinws/devel/share/uuv_descriptions/cmake/uuv_descriptionsConfig.cmake
Unlinking: /home/stephan/catkinws/devel/share/uuv_descriptions/cmake/uuv_descriptionsConfig-version.cmake
Unlinking: /home/stephan/catkinws/devel/lib/uuv_descriptions/cmake.lock
Unlinking: /home/stephan/catkinws/devel/lib/uuv_descriptions/spawn_model
Unlinking: /home/stephan/catkinws/devel/lib/pkgconfig/uuv_descriptions.pc
