Warning: Cannot symlink from /home/stephan/Gitkraken/RIS Lab 1 uuv_simulator/catkinws/devel/.private/uuv_sensor_ros_plugins/share/uuv_sensor_ros_plugins/cmake/uuv_sensor_ros_pluginsConfig.cmake to existing file /home/stephan/Gitkraken/RIS Lab 1 uuv_simulator/catkinws/devel/share/uuv_sensor_ros_plugins/cmake/uuv_sensor_ros_pluginsConfig.cmake
Warning: Source hash: 946c720e8018b31ebbb1fb204b8c58e6
Warning: Dest hash: ddf2fecdb1475a8dbdf06548d077c428
Warning: Cannot symlink from /home/stephan/Gitkraken/RIS Lab 1 uuv_simulator/catkinws/devel/.private/uuv_sensor_ros_plugins/lib/libuuv_gazebo_ros_rpt_plugin.so to existing file /home/stephan/Gitkraken/RIS Lab 1 uuv_simulator/catkinws/devel/lib/libuuv_gazebo_ros_rpt_plugin.so
Warning: Source hash: 1a9a77b593d4e55c86d2b11a0258cdec
Warning: Dest hash: 4174850ffdfc5cd35323333e438c1e31
Warning: Cannot symlink from /home/stephan/Gitkraken/RIS Lab 1 uuv_simulator/catkinws/devel/.private/uuv_sensor_ros_plugins/lib/libimage_sonar_ros_plugin.so to existing file /home/stephan/Gitkraken/RIS Lab 1 uuv_simulator/catkinws/devel/lib/libimage_sonar_ros_plugin.so
Warning: Source hash: a5cad56b50900af29b3f066a4445aee9
Warning: Dest hash: 5eccbc2495c6a65ea45a979777bc5bd9
Warning: Cannot symlink from /home/stephan/Gitkraken/RIS Lab 1 uuv_simulator/catkinws/devel/.private/uuv_sensor_ros_plugins/lib/libuuv_gazebo_ros_base_model_plugin.so to existing file /home/stephan/Gitkraken/RIS Lab 1 uuv_simulator/catkinws/devel/lib/libuuv_gazebo_ros_base_model_plugin.so
Warning: Source hash: 24a612d1957b4ea50b2c517edcc35d86
Warning: Dest hash: 8bc0d474926e389700a3b96755aaa208
Warning: Cannot symlink from /home/stephan/Gitkraken/RIS Lab 1 uuv_simulator/catkinws/devel/.private/uuv_sensor_ros_plugins/lib/libuuv_sensor_gazebo_msgs.so to existing file /home/stephan/Gitkraken/RIS Lab 1 uuv_simulator/catkinws/devel/lib/libuuv_sensor_gazebo_msgs.so
Warning: Source hash: b2f66c592ab95ee1f446230578436c6a
Warning: Dest hash: 958934ff5829c1ca88cf973dce7ef1f1
Warning: Cannot symlink from /home/stephan/Gitkraken/RIS Lab 1 uuv_simulator/catkinws/devel/.private/uuv_sensor_ros_plugins/lib/libuuv_gazebo_ros_dvl_plugin.so to existing file /home/stephan/Gitkraken/RIS Lab 1 uuv_simulator/catkinws/devel/lib/libuuv_gazebo_ros_dvl_plugin.so
Warning: Source hash: 9d6fec8d472198e2c6076dfc823bdbd8
Warning: Dest hash: 7d2ef321155cffeae0d6a2bb9a067759
Warning: Cannot symlink from /home/stephan/Gitkraken/RIS Lab 1 uuv_simulator/catkinws/devel/.private/uuv_sensor_ros_plugins/lib/libuuv_gazebo_ros_cpc_plugin.so to existing file /home/stephan/Gitkraken/RIS Lab 1 uuv_simulator/catkinws/devel/lib/libuuv_gazebo_ros_cpc_plugin.so
Warning: Source hash: 8917ab95fd9b410b450dc046015a21c0
Warning: Dest hash: 5c0f15977b961e136ee97e476dbf8cac
Warning: Cannot symlink from /home/stephan/Gitkraken/RIS Lab 1 uuv_simulator/catkinws/devel/.private/uuv_sensor_ros_plugins/lib/libuuv_gazebo_ros_magnetometer_plugin.so to existing file /home/stephan/Gitkraken/RIS Lab 1 uuv_simulator/catkinws/devel/lib/libuuv_gazebo_ros_magnetometer_plugin.so
Warning: Source hash: 403e02dcad613d77b23377c6789d2244
Warning: Dest hash: 2e5a01b6356ad4a1593c0559717983c4
Warning: Cannot symlink from /home/stephan/Gitkraken/RIS Lab 1 uuv_simulator/catkinws/devel/.private/uuv_sensor_ros_plugins/lib/libuuv_gazebo_ros_pose_gt_plugin.so to existing file /home/stephan/Gitkraken/RIS Lab 1 uuv_simulator/catkinws/devel/lib/libuuv_gazebo_ros_pose_gt_plugin.so
Warning: Source hash: fa01055da01be7eb39226c069459efc2
Warning: Dest hash: efe07eb489baac9eb454f6affde2a0c9
Warning: Cannot symlink from /home/stephan/Gitkraken/RIS Lab 1 uuv_simulator/catkinws/devel/.private/uuv_sensor_ros_plugins/lib/libuuv_gazebo_ros_base_sensor_plugin.so to existing file /home/stephan/Gitkraken/RIS Lab 1 uuv_simulator/catkinws/devel/lib/libuuv_gazebo_ros_base_sensor_plugin.so
Warning: Source hash: f8e535dd9ea3784440d56b1141be336f
Warning: Dest hash: 8d38ace07118afcc845b714090774be1
Warning: Cannot symlink from /home/stephan/Gitkraken/RIS Lab 1 uuv_simulator/catkinws/devel/.private/uuv_sensor_ros_plugins/lib/libuuv_gazebo_ros_gps_plugin.so to existing file /home/stephan/Gitkraken/RIS Lab 1 uuv_simulator/catkinws/devel/lib/libuuv_gazebo_ros_gps_plugin.so
Warning: Source hash: 790063a8fe6f035127c97ad96f12bcf0
Warning: Dest hash: e6ad51ccd85c7c234fb423a218ee9859
Warning: Cannot symlink from /home/stephan/Gitkraken/RIS Lab 1 uuv_simulator/catkinws/devel/.private/uuv_sensor_ros_plugins/lib/libuuv_gazebo_ros_camera_plugin.so to existing file /home/stephan/Gitkraken/RIS Lab 1 uuv_simulator/catkinws/devel/lib/libuuv_gazebo_ros_camera_plugin.so
Warning: Source hash: 3f905c087997cf9afdc996ecd8bbd839
Warning: Dest hash: dfdeea58e59276e2a72e47fbe6c98781
Warning: Cannot symlink from /home/stephan/Gitkraken/RIS Lab 1 uuv_simulator/catkinws/devel/.private/uuv_sensor_ros_plugins/lib/libuuv_gazebo_ros_subsea_pressure_plugin.so to existing file /home/stephan/Gitkraken/RIS Lab 1 uuv_simulator/catkinws/devel/lib/libuuv_gazebo_ros_subsea_pressure_plugin.so
Warning: Source hash: 77176f552c962cc22968292c83b98192
Warning: Dest hash: e7154b3dd926704c76bddb7d18852f05
Warning: Cannot symlink from /home/stephan/Gitkraken/RIS Lab 1 uuv_simulator/catkinws/devel/.private/uuv_sensor_ros_plugins/lib/libuuv_gazebo_ros_imu_plugin.so to existing file /home/stephan/Gitkraken/RIS Lab 1 uuv_simulator/catkinws/devel/lib/libuuv_gazebo_ros_imu_plugin.so
Warning: Source hash: 9b0229c35ce10f997bb91cd9e5d94886
Warning: Dest hash: d1efcd9cbe047b04f246e803f159a19f
Warning: Cannot symlink from /home/stephan/Gitkraken/RIS Lab 1 uuv_simulator/catkinws/devel/.private/uuv_sensor_ros_plugins/lib/pkgconfig/uuv_sensor_ros_plugins.pc to existing file /home/stephan/Gitkraken/RIS Lab 1 uuv_simulator/catkinws/devel/lib/pkgconfig/uuv_sensor_ros_plugins.pc
Warning: Source hash: c076c53606bd17da14b738eb7fe9a766
Warning: Dest hash: afb019ea6b3c5c912e7c11fde94fde65
