Warning: Cannot symlink from /home/stephan/Gitkraken/RIS Lab 1 uuv_simulator/catkinws/devel/.private/uuv_control_cascaded_pid/share/uuv_control_cascaded_pid/cmake/uuv_control_cascaded_pidConfig.cmake to existing file /home/stephan/Gitkraken/RIS Lab 1 uuv_simulator/catkinws/devel/share/uuv_control_cascaded_pid/cmake/uuv_control_cascaded_pidConfig.cmake
Warning: Source hash: c6c3d40fb87d7a4df1cdef0ed6885f39
Warning: Dest hash: 487e006b1fcee54b7cc16737a179091f
Warning: Cannot symlink from /home/stephan/Gitkraken/RIS Lab 1 uuv_simulator/catkinws/devel/.private/uuv_control_cascaded_pid/lib/python3/dist-packages/PID/__init__.py to existing file /home/stephan/Gitkraken/RIS Lab 1 uuv_simulator/catkinws/devel/lib/python3/dist-packages/PID/__init__.py
Warning: Source hash: 0e4ef6b6c7f544daa9726cfd514aef49
Warning: Dest hash: c8b5b103626a93d8204052a1d6321ab2
Warning: Cannot symlink from /home/stephan/Gitkraken/RIS Lab 1 uuv_simulator/catkinws/devel/.private/uuv_control_cascaded_pid/lib/pkgconfig/uuv_control_cascaded_pid.pc to existing file /home/stephan/Gitkraken/RIS Lab 1 uuv_simulator/catkinws/devel/lib/pkgconfig/uuv_control_cascaded_pid.pc
Warning: Source hash: 089b635a3cec68044af9ad7bdf5caad3
Warning: Dest hash: 2321a9e7074c70570270b28eb4ade82f
Warning: Cannot symlink from /home/stephan/Gitkraken/RIS Lab 1 uuv_simulator/catkinws/devel/.private/uuv_control_cascaded_pid/lib/uuv_control_cascaded_pid/AccelerationControl.py to existing file /home/stephan/Gitkraken/RIS Lab 1 uuv_simulator/catkinws/devel/lib/uuv_control_cascaded_pid/AccelerationControl.py
Warning: Source hash: dbb142dde3f94aea38f24133fcb6afd7
Warning: Dest hash: 0d304bd848f2371d64028676374b2736
Warning: Cannot symlink from /home/stephan/Gitkraken/RIS Lab 1 uuv_simulator/catkinws/devel/.private/uuv_control_cascaded_pid/lib/uuv_control_cascaded_pid/VelocityControl.py to existing file /home/stephan/Gitkraken/RIS Lab 1 uuv_simulator/catkinws/devel/lib/uuv_control_cascaded_pid/VelocityControl.py
Warning: Source hash: 4e27cef929580e4931867c0a1da8a895
Warning: Dest hash: 602b56c10590af183726526033c59aa6
Warning: Cannot symlink from /home/stephan/Gitkraken/RIS Lab 1 uuv_simulator/catkinws/devel/.private/uuv_control_cascaded_pid/lib/uuv_control_cascaded_pid/PositionControl.py to existing file /home/stephan/Gitkraken/RIS Lab 1 uuv_simulator/catkinws/devel/lib/uuv_control_cascaded_pid/PositionControl.py
Warning: Source hash: d16357d3884fb06f7535f03b11a70f97
Warning: Dest hash: 44b265848ef262256300e907c9b0ca33
Cleaning: (/home/stephan/catkinws/devel/.private/uuv_control_cascaded_pid/cmake.lock, /home/stephan/catkinws/devel/./cmake.lock)
Cleaning: (/home/stephan/catkinws/devel/.private/uuv_control_cascaded_pid/share/uuv_control_cascaded_pid/docs/VelocityControlConfig-usage.dox, /home/stephan/catkinws/devel/share/uuv_control_cascaded_pid/docs/VelocityControlConfig-usage.dox)
Cleaning: (/home/stephan/catkinws/devel/.private/uuv_control_cascaded_pid/share/uuv_control_cascaded_pid/docs/VelocityControlConfig.wikidoc, /home/stephan/catkinws/devel/share/uuv_control_cascaded_pid/docs/VelocityControlConfig.wikidoc)
Cleaning: (/home/stephan/catkinws/devel/.private/uuv_control_cascaded_pid/share/uuv_control_cascaded_pid/docs/VelocityControlConfig.dox, /home/stephan/catkinws/devel/share/uuv_control_cascaded_pid/docs/VelocityControlConfig.dox)
Cleaning: (/home/stephan/catkinws/devel/.private/uuv_control_cascaded_pid/share/uuv_control_cascaded_pid/docs/AccelerationControlConfig.dox, /home/stephan/catkinws/devel/share/uuv_control_cascaded_pid/docs/AccelerationControlConfig.dox)
Cleaning: (/home/stephan/catkinws/devel/.private/uuv_control_cascaded_pid/share/uuv_control_cascaded_pid/docs/PositionControlConfig.dox, /home/stephan/catkinws/devel/share/uuv_control_cascaded_pid/docs/PositionControlConfig.dox)
Cleaning: (/home/stephan/catkinws/devel/.private/uuv_control_cascaded_pid/share/uuv_control_cascaded_pid/docs/PositionControlConfig-usage.dox, /home/stephan/catkinws/devel/share/uuv_control_cascaded_pid/docs/PositionControlConfig-usage.dox)
Cleaning: (/home/stephan/catkinws/devel/.private/uuv_control_cascaded_pid/share/uuv_control_cascaded_pid/docs/AccelerationControlConfig.wikidoc, /home/stephan/catkinws/devel/share/uuv_control_cascaded_pid/docs/AccelerationControlConfig.wikidoc)
Cleaning: (/home/stephan/catkinws/devel/.private/uuv_control_cascaded_pid/share/uuv_control_cascaded_pid/docs/AccelerationControlConfig-usage.dox, /home/stephan/catkinws/devel/share/uuv_control_cascaded_pid/docs/AccelerationControlConfig-usage.dox)
Cleaning: (/home/stephan/catkinws/devel/.private/uuv_control_cascaded_pid/share/uuv_control_cascaded_pid/docs/PositionControlConfig.wikidoc, /home/stephan/catkinws/devel/share/uuv_control_cascaded_pid/docs/PositionControlConfig.wikidoc)
Cleaning: (/home/stephan/catkinws/devel/.private/uuv_control_cascaded_pid/share/uuv_control_cascaded_pid/cmake/uuv_control_cascaded_pidConfig-version.cmake, /home/stephan/catkinws/devel/share/uuv_control_cascaded_pid/cmake/uuv_control_cascaded_pidConfig-version.cmake)
Cleaning: (/home/stephan/catkinws/devel/.private/uuv_control_cascaded_pid/share/uuv_control_cascaded_pid/cmake/uuv_control_cascaded_pidConfig.cmake, /home/stephan/catkinws/devel/share/uuv_control_cascaded_pid/cmake/uuv_control_cascaded_pidConfig.cmake)
Cleaning: (/home/stephan/catkinws/devel/.private/uuv_control_cascaded_pid/lib/python3/dist-packages/PID/__init__.py, /home/stephan/catkinws/devel/lib/python3/dist-packages/PID/__init__.py)
Cleaning: (/home/stephan/catkinws/devel/.private/uuv_control_cascaded_pid/lib/python3/dist-packages/uuv_control_cascaded_pid/__init__.py, /home/stephan/catkinws/devel/lib/python3/dist-packages/uuv_control_cascaded_pid/__init__.py)
Cleaning: (/home/stephan/catkinws/devel/.private/uuv_control_cascaded_pid/lib/python3/dist-packages/uuv_control_cascaded_pid/cfg/AccelerationControlConfig.py, /home/stephan/catkinws/devel/lib/python3/dist-packages/uuv_control_cascaded_pid/cfg/AccelerationControlConfig.py)
Cleaning: (/home/stephan/catkinws/devel/.private/uuv_control_cascaded_pid/lib/python3/dist-packages/uuv_control_cascaded_pid/cfg/VelocityControlConfig.py, /home/stephan/catkinws/devel/lib/python3/dist-packages/uuv_control_cascaded_pid/cfg/VelocityControlConfig.py)
Cleaning: (/home/stephan/catkinws/devel/.private/uuv_control_cascaded_pid/lib/python3/dist-packages/uuv_control_cascaded_pid/cfg/__init__.py, /home/stephan/catkinws/devel/lib/python3/dist-packages/uuv_control_cascaded_pid/cfg/__init__.py)
Cleaning: (/home/stephan/catkinws/devel/.private/uuv_control_cascaded_pid/lib/python3/dist-packages/uuv_control_cascaded_pid/cfg/PositionControlConfig.py, /home/stephan/catkinws/devel/lib/python3/dist-packages/uuv_control_cascaded_pid/cfg/PositionControlConfig.py)
Cleaning: (/home/stephan/catkinws/devel/.private/uuv_control_cascaded_pid/lib/pkgconfig/uuv_control_cascaded_pid.pc, /home/stephan/catkinws/devel/lib/pkgconfig/uuv_control_cascaded_pid.pc)
Cleaning: (/home/stephan/catkinws/devel/.private/uuv_control_cascaded_pid/lib/uuv_control_cascaded_pid/cmake.lock, /home/stephan/catkinws/devel/lib/uuv_control_cascaded_pid/cmake.lock)
Cleaning: (/home/stephan/catkinws/devel/.private/uuv_control_cascaded_pid/lib/uuv_control_cascaded_pid/AccelerationControl.py, /home/stephan/catkinws/devel/lib/uuv_control_cascaded_pid/AccelerationControl.py)
Cleaning: (/home/stephan/catkinws/devel/.private/uuv_control_cascaded_pid/lib/uuv_control_cascaded_pid/VelocityControl.py, /home/stephan/catkinws/devel/lib/uuv_control_cascaded_pid/VelocityControl.py)
Cleaning: (/home/stephan/catkinws/devel/.private/uuv_control_cascaded_pid/lib/uuv_control_cascaded_pid/PositionControl.py, /home/stephan/catkinws/devel/lib/uuv_control_cascaded_pid/PositionControl.py)
Cleaning: (/home/stephan/catkinws/devel/.private/uuv_control_cascaded_pid/include/uuv_control_cascaded_pid/VelocityControlConfig.h, /home/stephan/catkinws/devel/include/uuv_control_cascaded_pid/VelocityControlConfig.h)
Cleaning: (/home/stephan/catkinws/devel/.private/uuv_control_cascaded_pid/include/uuv_control_cascaded_pid/PositionControlConfig.h, /home/stephan/catkinws/devel/include/uuv_control_cascaded_pid/PositionControlConfig.h)
Cleaning: (/home/stephan/catkinws/devel/.private/uuv_control_cascaded_pid/include/uuv_control_cascaded_pid/AccelerationControlConfig.h, /home/stephan/catkinws/devel/include/uuv_control_cascaded_pid/AccelerationControlConfig.h)
Unlinking: /home/stephan/catkinws/devel/share/uuv_control_cascaded_pid/docs/VelocityControlConfig-usage.dox
Unlinking: /home/stephan/catkinws/devel/share/uuv_control_cascaded_pid/docs/VelocityControlConfig.wikidoc
Unlinking: /home/stephan/catkinws/devel/share/uuv_control_cascaded_pid/docs/VelocityControlConfig.dox
Unlinking: /home/stephan/catkinws/devel/share/uuv_control_cascaded_pid/docs/AccelerationControlConfig.dox
Unlinking: /home/stephan/catkinws/devel/share/uuv_control_cascaded_pid/docs/PositionControlConfig.dox
Unlinking: /home/stephan/catkinws/devel/share/uuv_control_cascaded_pid/docs/PositionControlConfig-usage.dox
Unlinking: /home/stephan/catkinws/devel/share/uuv_control_cascaded_pid/docs/AccelerationControlConfig.wikidoc
Unlinking: /home/stephan/catkinws/devel/share/uuv_control_cascaded_pid/docs/AccelerationControlConfig-usage.dox
Unlinking: /home/stephan/catkinws/devel/share/uuv_control_cascaded_pid/docs/PositionControlConfig.wikidoc
Unlinking: /home/stephan/catkinws/devel/share/uuv_control_cascaded_pid/cmake/uuv_control_cascaded_pidConfig-version.cmake
Unlinking: /home/stephan/catkinws/devel/share/uuv_control_cascaded_pid/cmake/uuv_control_cascaded_pidConfig.cmake
Unlinking: /home/stephan/catkinws/devel/lib/python3/dist-packages/PID/__init__.py
Unlinking: /home/stephan/catkinws/devel/lib/python3/dist-packages/uuv_control_cascaded_pid/__init__.py
Unlinking: /home/stephan/catkinws/devel/lib/python3/dist-packages/uuv_control_cascaded_pid/cfg/AccelerationControlConfig.py
Unlinking: /home/stephan/catkinws/devel/lib/python3/dist-packages/uuv_control_cascaded_pid/cfg/VelocityControlConfig.py
Unlinking: /home/stephan/catkinws/devel/lib/python3/dist-packages/uuv_control_cascaded_pid/cfg/__init__.py
Unlinking: /home/stephan/catkinws/devel/lib/python3/dist-packages/uuv_control_cascaded_pid/cfg/PositionControlConfig.py
Unlinking: /home/stephan/catkinws/devel/lib/pkgconfig/uuv_control_cascaded_pid.pc
Unlinking: /home/stephan/catkinws/devel/lib/uuv_control_cascaded_pid/cmake.lock
Unlinking: /home/stephan/catkinws/devel/lib/uuv_control_cascaded_pid/AccelerationControl.py
Unlinking: /home/stephan/catkinws/devel/lib/uuv_control_cascaded_pid/VelocityControl.py
Unlinking: /home/stephan/catkinws/devel/lib/uuv_control_cascaded_pid/PositionControl.py
Unlinking: /home/stephan/catkinws/devel/include/uuv_control_cascaded_pid/VelocityControlConfig.h
Unlinking: /home/stephan/catkinws/devel/include/uuv_control_cascaded_pid/PositionControlConfig.h
Unlinking: /home/stephan/catkinws/devel/include/uuv_control_cascaded_pid/AccelerationControlConfig.h
