Warning: Cannot symlink from /home/stephan/Gitkraken/RIS Lab 1 uuv_simulator/catkinws/devel/.private/uuv_world_ros_plugins/share/uuv_world_ros_plugins/cmake/uuv_world_ros_pluginsConfig.cmake to existing file /home/stephan/Gitkraken/RIS Lab 1 uuv_simulator/catkinws/devel/share/uuv_world_ros_plugins/cmake/uuv_world_ros_pluginsConfig.cmake
Warning: Source hash: 1e4e3e93f6d2c03d2d65ec43eb87567c
Warning: Dest hash: 182c4cf9753b6c989e6a92d1b7f24da6
Warning: Cannot symlink from /home/stephan/Gitkraken/RIS Lab 1 uuv_simulator/catkinws/devel/.private/uuv_world_ros_plugins/lib/libuuv_underwater_current_ros_plugin.so to existing file /home/stephan/Gitkraken/RIS Lab 1 uuv_simulator/catkinws/devel/lib/libuuv_underwater_current_ros_plugin.so
Warning: Source hash: 7a5df7a8d8fc23bf6ee53dc87a84f98b
Warning: Dest hash: ec5e5fc07ed04cb493c4c09b86e40b23
Warning: Cannot symlink from /home/stephan/Gitkraken/RIS Lab 1 uuv_simulator/catkinws/devel/.private/uuv_world_ros_plugins/lib/libuuv_sc_ros_interface_plugin.so to existing file /home/stephan/Gitkraken/RIS Lab 1 uuv_simulator/catkinws/devel/lib/libuuv_sc_ros_interface_plugin.so
Warning: Source hash: 44699d84bc53f7376d29e78559b8f61c
Warning: Dest hash: a199ba7ac3750717b4ca91cf3cd1b0d1
Warning: Cannot symlink from /home/stephan/Gitkraken/RIS Lab 1 uuv_simulator/catkinws/devel/.private/uuv_world_ros_plugins/lib/pkgconfig/uuv_world_ros_plugins.pc to existing file /home/stephan/Gitkraken/RIS Lab 1 uuv_simulator/catkinws/devel/lib/pkgconfig/uuv_world_ros_plugins.pc
Warning: Source hash: 42923fbe30406b7bebe28f16cd79ae84
Warning: Dest hash: c4116e849c44d756d2521249c77cd5ba
Cleaning: (/home/stephan/catkinws/devel/.private/uuv_world_ros_plugins/cmake.lock, /home/stephan/catkinws/devel/./cmake.lock)
Cleaning: (/home/stephan/catkinws/devel/.private/uuv_world_ros_plugins/share/uuv_world_ros_plugins/cmake/uuv_world_ros_pluginsConfig.cmake, /home/stephan/catkinws/devel/share/uuv_world_ros_plugins/cmake/uuv_world_ros_pluginsConfig.cmake)
Cleaning: (/home/stephan/catkinws/devel/.private/uuv_world_ros_plugins/share/uuv_world_ros_plugins/cmake/uuv_world_ros_pluginsConfig-version.cmake, /home/stephan/catkinws/devel/share/uuv_world_ros_plugins/cmake/uuv_world_ros_pluginsConfig-version.cmake)
Cleaning: (/home/stephan/catkinws/devel/.private/uuv_world_ros_plugins/lib/libuuv_underwater_current_ros_plugin.so, /home/stephan/catkinws/devel/lib/libuuv_underwater_current_ros_plugin.so)
Cleaning: (/home/stephan/catkinws/devel/.private/uuv_world_ros_plugins/lib/libuuv_sc_ros_interface_plugin.so, /home/stephan/catkinws/devel/lib/libuuv_sc_ros_interface_plugin.so)
Cleaning: (/home/stephan/catkinws/devel/.private/uuv_world_ros_plugins/lib/pkgconfig/uuv_world_ros_plugins.pc, /home/stephan/catkinws/devel/lib/pkgconfig/uuv_world_ros_plugins.pc)
Unlinking: /home/stephan/catkinws/devel/share/uuv_world_ros_plugins/cmake/uuv_world_ros_pluginsConfig.cmake
Unlinking: /home/stephan/catkinws/devel/share/uuv_world_ros_plugins/cmake/uuv_world_ros_pluginsConfig-version.cmake
Unlinking: /home/stephan/catkinws/devel/lib/libuuv_underwater_current_ros_plugin.so
Unlinking: /home/stephan/catkinws/devel/lib/libuuv_sc_ros_interface_plugin.so
Unlinking: /home/stephan/catkinws/devel/lib/pkgconfig/uuv_world_ros_plugins.pc
