Warning: Cannot symlink from /home/stephan/Gitkraken/RIS Lab 1 uuv_simulator/catkinws/devel/.private/uuv_tutorial_dp_controller/share/uuv_tutorial_dp_controller/cmake/uuv_tutorial_dp_controllerConfig.cmake to existing file /home/stephan/Gitkraken/RIS Lab 1 uuv_simulator/catkinws/devel/share/uuv_tutorial_dp_controller/cmake/uuv_tutorial_dp_controllerConfig.cmake
Warning: Source hash: 8370b8d600444f110c11f505019f3511
Warning: Dest hash: 5db9d71233bd3d65c6dab60b841625fa
Warning: Cannot symlink from /home/stephan/Gitkraken/RIS Lab 1 uuv_simulator/catkinws/devel/.private/uuv_tutorial_dp_controller/lib/pkgconfig/uuv_tutorial_dp_controller.pc to existing file /home/stephan/Gitkraken/RIS Lab 1 uuv_simulator/catkinws/devel/lib/pkgconfig/uuv_tutorial_dp_controller.pc
Warning: Source hash: db898d62805dd09b6222b46dac18943c
Warning: Dest hash: a725e4bb9e853915e6b57689648d589e
Warning: Cannot symlink from /home/stephan/Gitkraken/RIS Lab 1 uuv_simulator/catkinws/devel/.private/uuv_tutorial_dp_controller/lib/uuv_tutorial_dp_controller/tutorial_dp_controller.py to existing file /home/stephan/Gitkraken/RIS Lab 1 uuv_simulator/catkinws/devel/lib/uuv_tutorial_dp_controller/tutorial_dp_controller.py
Warning: Source hash: 5b3179e7ca72f0921430cb5a1e255e4a
Warning: Dest hash: 60faa8a0fdf3f3b34d7bbf3de4d99d06
Cleaning: (/home/stephan/catkinws/devel/.private/uuv_tutorial_dp_controller/cmake.lock, /home/stephan/catkinws/devel/./cmake.lock)
Cleaning: (/home/stephan/catkinws/devel/.private/uuv_tutorial_dp_controller/share/uuv_tutorial_dp_controller/cmake/uuv_tutorial_dp_controllerConfig-version.cmake, /home/stephan/catkinws/devel/share/uuv_tutorial_dp_controller/cmake/uuv_tutorial_dp_controllerConfig-version.cmake)
Cleaning: (/home/stephan/catkinws/devel/.private/uuv_tutorial_dp_controller/share/uuv_tutorial_dp_controller/cmake/uuv_tutorial_dp_controllerConfig.cmake, /home/stephan/catkinws/devel/share/uuv_tutorial_dp_controller/cmake/uuv_tutorial_dp_controllerConfig.cmake)
Cleaning: (/home/stephan/catkinws/devel/.private/uuv_tutorial_dp_controller/lib/pkgconfig/uuv_tutorial_dp_controller.pc, /home/stephan/catkinws/devel/lib/pkgconfig/uuv_tutorial_dp_controller.pc)
Cleaning: (/home/stephan/catkinws/devel/.private/uuv_tutorial_dp_controller/lib/uuv_tutorial_dp_controller/cmake.lock, /home/stephan/catkinws/devel/lib/uuv_tutorial_dp_controller/cmake.lock)
Cleaning: (/home/stephan/catkinws/devel/.private/uuv_tutorial_dp_controller/lib/uuv_tutorial_dp_controller/tutorial_dp_controller.py, /home/stephan/catkinws/devel/lib/uuv_tutorial_dp_controller/tutorial_dp_controller.py)
Unlinking: /home/stephan/catkinws/devel/share/uuv_tutorial_dp_controller/cmake/uuv_tutorial_dp_controllerConfig-version.cmake
Unlinking: /home/stephan/catkinws/devel/share/uuv_tutorial_dp_controller/cmake/uuv_tutorial_dp_controllerConfig.cmake
Unlinking: /home/stephan/catkinws/devel/lib/pkgconfig/uuv_tutorial_dp_controller.pc
Unlinking: /home/stephan/catkinws/devel/lib/uuv_tutorial_dp_controller/cmake.lock
Unlinking: /home/stephan/catkinws/devel/lib/uuv_tutorial_dp_controller/tutorial_dp_controller.py
