[35m[1mScanning dependencies of target _uuv_auv_control_allocator_generate_messages_check_deps_AUVCommand[0m
[  0%] Built target _uuv_auv_control_allocator_generate_messages_check_deps_AUVCommand
[35m[1mScanning dependencies of target geometry_msgs_generate_messages_nodejs[0m
[  0%] Built target geometry_msgs_generate_messages_nodejs
[35m[1mScanning dependencies of target std_msgs_generate_messages_nodejs[0m
[  0%] Built target std_msgs_generate_messages_nodejs
[35m[1mScanning dependencies of target std_msgs_generate_messages_py[0m
[  0%] Built target std_msgs_generate_messages_py
[35m[1mScanning dependencies of target geometry_msgs_generate_messages_py[0m
[  0%] Built target geometry_msgs_generate_messages_py
[35m[1mScanning dependencies of target std_msgs_generate_messages_cpp[0m
[35m[1mScanning dependencies of target geometry_msgs_generate_messages_cpp[0m
[  0%] Built target std_msgs_generate_messages_cpp
[  0%] Built target geometry_msgs_generate_messages_cpp
[35m[1mScanning dependencies of target geometry_msgs_generate_messages_eus[0m
[35m[1mScanning dependencies of target std_msgs_generate_messages_eus[0m
[  0%] Built target geometry_msgs_generate_messages_eus
[  0%] Built target std_msgs_generate_messages_eus
[35m[1mScanning dependencies of target geometry_msgs_generate_messages_lisp[0m
[35m[1mScanning dependencies of target std_msgs_generate_messages_lisp[0m
[  0%] Built target std_msgs_generate_messages_lisp
[  0%] Built target geometry_msgs_generate_messages_lisp
[35m[1mScanning dependencies of target uuv_auv_control_allocator_generate_messages_nodejs[0m
[ 14%] Built target uuv_auv_control_allocator_generate_messages_nodejs
[35m[1mScanning dependencies of target uuv_auv_control_allocator_generate_messages_py[0m
[ 42%] Built target uuv_auv_control_allocator_generate_messages_py
[35m[1mScanning dependencies of target uuv_auv_control_allocator_generate_messages_cpp[0m
[ 57%] Built target uuv_auv_control_allocator_generate_messages_cpp
[35m[1mScanning dependencies of target uuv_auv_control_allocator_generate_messages_eus[0m
[ 85%] Built target uuv_auv_control_allocator_generate_messages_eus
[35m[1mScanning dependencies of target uuv_auv_control_allocator_generate_messages_lisp[0m
[100%] Built target uuv_auv_control_allocator_generate_messages_lisp
[35m[1mScanning dependencies of target uuv_auv_control_allocator_generate_messages[0m
[100%] Built target uuv_auv_control_allocator_generate_messages
