Warning: Cannot symlink from /home/stephan/Gitkraken/RIS Lab 1 uuv_simulator/catkinws/devel/.private/uuv_auv_control_allocator/share/uuv_auv_control_allocator/cmake/uuv_auv_control_allocator-msg-extras.cmake to existing file /home/stephan/Gitkraken/RIS Lab 1 uuv_simulator/catkinws/devel/share/uuv_auv_control_allocator/cmake/uuv_auv_control_allocator-msg-extras.cmake
Warning: Source hash: 8f0181296a1f2a8a0c14cd32885c45df
Warning: Dest hash: 348038248aeb2111bbec2f9ea9d641a9
Warning: Cannot symlink from /home/stephan/Gitkraken/RIS Lab 1 uuv_simulator/catkinws/devel/.private/uuv_auv_control_allocator/share/uuv_auv_control_allocator/cmake/uuv_auv_control_allocatorConfig.cmake to existing file /home/stephan/Gitkraken/RIS Lab 1 uuv_simulator/catkinws/devel/share/uuv_auv_control_allocator/cmake/uuv_auv_control_allocatorConfig.cmake
Warning: Source hash: 1811e89c9423a162c460e84b11f922a1
Warning: Dest hash: 8050cb720b6ce08c9ef513056c2b92f2
Warning: Cannot symlink from /home/stephan/Gitkraken/RIS Lab 1 uuv_simulator/catkinws/devel/.private/uuv_auv_control_allocator/share/uuv_auv_control_allocator/cmake/uuv_auv_control_allocator-msg-paths.cmake to existing file /home/stephan/Gitkraken/RIS Lab 1 uuv_simulator/catkinws/devel/share/uuv_auv_control_allocator/cmake/uuv_auv_control_allocator-msg-paths.cmake
Warning: Source hash: f665c5cde4b6443fd9b7184002bc1c10
Warning: Dest hash: 4dda205911fa9fa49c352467a4fc85bc
Warning: Cannot symlink from /home/stephan/Gitkraken/RIS Lab 1 uuv_simulator/catkinws/devel/.private/uuv_auv_control_allocator/lib/python3/dist-packages/uuv_auv_actuator_interface/__init__.py to existing file /home/stephan/Gitkraken/RIS Lab 1 uuv_simulator/catkinws/devel/lib/python3/dist-packages/uuv_auv_actuator_interface/__init__.py
Warning: Source hash: 068495aae6420ba1a3e4efefbf3f8587
Warning: Dest hash: c35f0a9234d4f517ac61a3774e83b9f7
Warning: Cannot symlink from /home/stephan/Gitkraken/RIS Lab 1 uuv_simulator/catkinws/devel/.private/uuv_auv_control_allocator/lib/pkgconfig/uuv_auv_control_allocator.pc to existing file /home/stephan/Gitkraken/RIS Lab 1 uuv_simulator/catkinws/devel/lib/pkgconfig/uuv_auv_control_allocator.pc
Warning: Source hash: 3273950f5a0da921f4509dce4ed3de10
Warning: Dest hash: 26c2940b40f739d69db8ad14e47828c0
Warning: Cannot symlink from /home/stephan/Gitkraken/RIS Lab 1 uuv_simulator/catkinws/devel/.private/uuv_auv_control_allocator/lib/uuv_auv_control_allocator/control_allocator to existing file /home/stephan/Gitkraken/RIS Lab 1 uuv_simulator/catkinws/devel/lib/uuv_auv_control_allocator/control_allocator
Warning: Source hash: 7338fe105b43e6080e0cdf9183e17f1c
Warning: Dest hash: 790b1af18d0035ccf1e756473f8f4c72
Cleaning: (/home/stephan/catkinws/devel/.private/uuv_auv_control_allocator/cmake.lock, /home/stephan/catkinws/devel/./cmake.lock)
Cleaning: (/home/stephan/catkinws/devel/.private/uuv_auv_control_allocator/share/roseus/ros/uuv_auv_control_allocator/manifest.l, /home/stephan/catkinws/devel/share/roseus/ros/uuv_auv_control_allocator/manifest.l)
Cleaning: (/home/stephan/catkinws/devel/.private/uuv_auv_control_allocator/share/roseus/ros/uuv_auv_control_allocator/msg/AUVCommand.l, /home/stephan/catkinws/devel/share/roseus/ros/uuv_auv_control_allocator/msg/AUVCommand.l)
Cleaning: (/home/stephan/catkinws/devel/.private/uuv_auv_control_allocator/share/uuv_auv_control_allocator/cmake/uuv_auv_control_allocatorConfig-version.cmake, /home/stephan/catkinws/devel/share/uuv_auv_control_allocator/cmake/uuv_auv_control_allocatorConfig-version.cmake)
Cleaning: (/home/stephan/catkinws/devel/.private/uuv_auv_control_allocator/share/uuv_auv_control_allocator/cmake/uuv_auv_control_allocator-msg-extras.cmake, /home/stephan/catkinws/devel/share/uuv_auv_control_allocator/cmake/uuv_auv_control_allocator-msg-extras.cmake)
Cleaning: (/home/stephan/catkinws/devel/.private/uuv_auv_control_allocator/share/uuv_auv_control_allocator/cmake/uuv_auv_control_allocatorConfig.cmake, /home/stephan/catkinws/devel/share/uuv_auv_control_allocator/cmake/uuv_auv_control_allocatorConfig.cmake)
Cleaning: (/home/stephan/catkinws/devel/.private/uuv_auv_control_allocator/share/uuv_auv_control_allocator/cmake/uuv_auv_control_allocator-msg-paths.cmake, /home/stephan/catkinws/devel/share/uuv_auv_control_allocator/cmake/uuv_auv_control_allocator-msg-paths.cmake)
Cleaning: (/home/stephan/catkinws/devel/.private/uuv_auv_control_allocator/share/common-lisp/ros/uuv_auv_control_allocator/msg/_package.lisp, /home/stephan/catkinws/devel/share/common-lisp/ros/uuv_auv_control_allocator/msg/_package.lisp)
Cleaning: (/home/stephan/catkinws/devel/.private/uuv_auv_control_allocator/share/common-lisp/ros/uuv_auv_control_allocator/msg/AUVCommand.lisp, /home/stephan/catkinws/devel/share/common-lisp/ros/uuv_auv_control_allocator/msg/AUVCommand.lisp)
Cleaning: (/home/stephan/catkinws/devel/.private/uuv_auv_control_allocator/share/common-lisp/ros/uuv_auv_control_allocator/msg/uuv_auv_control_allocator-msg.asd, /home/stephan/catkinws/devel/share/common-lisp/ros/uuv_auv_control_allocator/msg/uuv_auv_control_allocator-msg.asd)
Cleaning: (/home/stephan/catkinws/devel/.private/uuv_auv_control_allocator/share/common-lisp/ros/uuv_auv_control_allocator/msg/_package_AUVCommand.lisp, /home/stephan/catkinws/devel/share/common-lisp/ros/uuv_auv_control_allocator/msg/_package_AUVCommand.lisp)
Cleaning: (/home/stephan/catkinws/devel/.private/uuv_auv_control_allocator/share/gennodejs/ros/uuv_auv_control_allocator/_index.js, /home/stephan/catkinws/devel/share/gennodejs/ros/uuv_auv_control_allocator/_index.js)
Cleaning: (/home/stephan/catkinws/devel/.private/uuv_auv_control_allocator/share/gennodejs/ros/uuv_auv_control_allocator/msg/_index.js, /home/stephan/catkinws/devel/share/gennodejs/ros/uuv_auv_control_allocator/msg/_index.js)
Cleaning: (/home/stephan/catkinws/devel/.private/uuv_auv_control_allocator/share/gennodejs/ros/uuv_auv_control_allocator/msg/AUVCommand.js, /home/stephan/catkinws/devel/share/gennodejs/ros/uuv_auv_control_allocator/msg/AUVCommand.js)
Cleaning: (/home/stephan/catkinws/devel/.private/uuv_auv_control_allocator/lib/python3/dist-packages/uuv_auv_actuator_interface/__init__.py, /home/stephan/catkinws/devel/lib/python3/dist-packages/uuv_auv_actuator_interface/__init__.py)
Cleaning: (/home/stephan/catkinws/devel/.private/uuv_auv_control_allocator/lib/python3/dist-packages/uuv_auv_control_allocator/__init__.py, /home/stephan/catkinws/devel/lib/python3/dist-packages/uuv_auv_control_allocator/__init__.py)
Cleaning: (/home/stephan/catkinws/devel/.private/uuv_auv_control_allocator/lib/python3/dist-packages/uuv_auv_control_allocator/msg/__init__.py, /home/stephan/catkinws/devel/lib/python3/dist-packages/uuv_auv_control_allocator/msg/__init__.py)
Cleaning: (/home/stephan/catkinws/devel/.private/uuv_auv_control_allocator/lib/python3/dist-packages/uuv_auv_control_allocator/msg/_AUVCommand.py, /home/stephan/catkinws/devel/lib/python3/dist-packages/uuv_auv_control_allocator/msg/_AUVCommand.py)
Cleaning: (/home/stephan/catkinws/devel/.private/uuv_auv_control_allocator/lib/pkgconfig/uuv_auv_control_allocator.pc, /home/stephan/catkinws/devel/lib/pkgconfig/uuv_auv_control_allocator.pc)
Cleaning: (/home/stephan/catkinws/devel/.private/uuv_auv_control_allocator/lib/uuv_auv_control_allocator/cmake.lock, /home/stephan/catkinws/devel/lib/uuv_auv_control_allocator/cmake.lock)
Cleaning: (/home/stephan/catkinws/devel/.private/uuv_auv_control_allocator/lib/uuv_auv_control_allocator/control_allocator, /home/stephan/catkinws/devel/lib/uuv_auv_control_allocator/control_allocator)
Cleaning: (/home/stephan/catkinws/devel/.private/uuv_auv_control_allocator/include/uuv_auv_control_allocator/AUVCommand.h, /home/stephan/catkinws/devel/include/uuv_auv_control_allocator/AUVCommand.h)
Unlinking: /home/stephan/catkinws/devel/share/roseus/ros/uuv_auv_control_allocator/manifest.l
Unlinking: /home/stephan/catkinws/devel/share/roseus/ros/uuv_auv_control_allocator/msg/AUVCommand.l
Unlinking: /home/stephan/catkinws/devel/share/uuv_auv_control_allocator/cmake/uuv_auv_control_allocatorConfig-version.cmake
Unlinking: /home/stephan/catkinws/devel/share/uuv_auv_control_allocator/cmake/uuv_auv_control_allocator-msg-extras.cmake
Unlinking: /home/stephan/catkinws/devel/share/uuv_auv_control_allocator/cmake/uuv_auv_control_allocatorConfig.cmake
Unlinking: /home/stephan/catkinws/devel/share/uuv_auv_control_allocator/cmake/uuv_auv_control_allocator-msg-paths.cmake
Unlinking: /home/stephan/catkinws/devel/share/common-lisp/ros/uuv_auv_control_allocator/msg/_package.lisp
Unlinking: /home/stephan/catkinws/devel/share/common-lisp/ros/uuv_auv_control_allocator/msg/AUVCommand.lisp
Unlinking: /home/stephan/catkinws/devel/share/common-lisp/ros/uuv_auv_control_allocator/msg/uuv_auv_control_allocator-msg.asd
Unlinking: /home/stephan/catkinws/devel/share/common-lisp/ros/uuv_auv_control_allocator/msg/_package_AUVCommand.lisp
Unlinking: /home/stephan/catkinws/devel/share/gennodejs/ros/uuv_auv_control_allocator/_index.js
Unlinking: /home/stephan/catkinws/devel/share/gennodejs/ros/uuv_auv_control_allocator/msg/_index.js
Unlinking: /home/stephan/catkinws/devel/share/gennodejs/ros/uuv_auv_control_allocator/msg/AUVCommand.js
Unlinking: /home/stephan/catkinws/devel/lib/python3/dist-packages/uuv_auv_actuator_interface/__init__.py
Unlinking: /home/stephan/catkinws/devel/lib/python3/dist-packages/uuv_auv_control_allocator/__init__.py
Unlinking: /home/stephan/catkinws/devel/lib/python3/dist-packages/uuv_auv_control_allocator/msg/__init__.py
Unlinking: /home/stephan/catkinws/devel/lib/python3/dist-packages/uuv_auv_control_allocator/msg/_AUVCommand.py
Unlinking: /home/stephan/catkinws/devel/lib/pkgconfig/uuv_auv_control_allocator.pc
Unlinking: /home/stephan/catkinws/devel/lib/uuv_auv_control_allocator/cmake.lock
Unlinking: /home/stephan/catkinws/devel/lib/uuv_auv_control_allocator/control_allocator
Unlinking: /home/stephan/catkinws/devel/include/uuv_auv_control_allocator/AUVCommand.h
