[35m[1mScanning dependencies of target _uuv_control_msgs_generate_messages_check_deps_GoTo[0m
[35m[1mScanning dependencies of target _uuv_control_msgs_generate_messages_check_deps_ResetController[0m
[  0%] Built target _uuv_control_msgs_generate_messages_check_deps_GoTo
[35m[1mScanning dependencies of target _uuv_control_msgs_generate_messages_check_deps_GetMBSMControllerParams[0m
[  0%] Built target _uuv_control_msgs_generate_messages_check_deps_GetMBSMControllerParams
[35m[1mScanning dependencies of target _uuv_control_msgs_generate_messages_check_deps_SetMBSMControllerParams[0m
[  0%] Built target _uuv_control_msgs_generate_messages_check_deps_ResetController
[35m[1mScanning dependencies of target _uuv_control_msgs_generate_messages_check_deps_GetSMControllerParams[0m
[  0%] Built target _uuv_control_msgs_generate_messages_check_deps_SetMBSMControllerParams
[35m[1mScanning dependencies of target _uuv_control_msgs_generate_messages_check_deps_GetPIDParams[0m
[  0%] Built target _uuv_control_msgs_generate_messages_check_deps_GetSMControllerParams
[35m[1mScanning dependencies of target _uuv_control_msgs_generate_messages_check_deps_SetPIDParams[0m
[  0%] Built target _uuv_control_msgs_generate_messages_check_deps_GetPIDParams
[35m[1mScanning dependencies of target _uuv_control_msgs_generate_messages_check_deps_SwitchToManual[0m
[  0%] Built target _uuv_control_msgs_generate_messages_check_deps_SetPIDParams
[35m[1mScanning dependencies of target _uuv_control_msgs_generate_messages_check_deps_StartTrajectory[0m
[  0%] Built target _uuv_control_msgs_generate_messages_check_deps_SwitchToManual
[  0%] Built target _uuv_control_msgs_generate_messages_check_deps_StartTrajectory
[35m[1mScanning dependencies of target _uuv_control_msgs_generate_messages_check_deps_Trajectory[0m
[35m[1mScanning dependencies of target _uuv_control_msgs_generate_messages_check_deps_Waypoint[0m
[  0%] Built target _uuv_control_msgs_generate_messages_check_deps_Trajectory
[  0%] Built target _uuv_control_msgs_generate_messages_check_deps_Waypoint
[35m[1mScanning dependencies of target _uuv_control_msgs_generate_messages_check_deps_InitWaypointsFromFile[0m
[35m[1mScanning dependencies of target _uuv_control_msgs_generate_messages_check_deps_Hold[0m
[  0%] Built target _uuv_control_msgs_generate_messages_check_deps_InitWaypointsFromFile
[35m[1mScanning dependencies of target _uuv_control_msgs_generate_messages_check_deps_IsRunningTrajectory[0m
[  0%] Built target _uuv_control_msgs_generate_messages_check_deps_Hold
[35m[1mScanning dependencies of target std_msgs_generate_messages_nodejs[0m
[  0%] Built target std_msgs_generate_messages_nodejs
[35m[1mScanning dependencies of target geometry_msgs_generate_messages_nodejs[0m
[  0%] Built target geometry_msgs_generate_messages_nodejs
[35m[1mScanning dependencies of target _uuv_control_msgs_generate_messages_check_deps_TrajectoryPoint[0m
[  0%] Built target _uuv_control_msgs_generate_messages_check_deps_IsRunningTrajectory
[35m[1mScanning dependencies of target _uuv_control_msgs_generate_messages_check_deps_SetSMControllerParams[0m
[  0%] Built target _uuv_control_msgs_generate_messages_check_deps_TrajectoryPoint
[  0%] Built target _uuv_control_msgs_generate_messages_check_deps_SetSMControllerParams
[35m[1mScanning dependencies of target _uuv_control_msgs_generate_messages_check_deps_GetWaypoints[0m
[35m[1mScanning dependencies of target _uuv_control_msgs_generate_messages_check_deps_InitRectTrajectory[0m
[  0%] Built target _uuv_control_msgs_generate_messages_check_deps_GetWaypoints
[35m[1mScanning dependencies of target _uuv_control_msgs_generate_messages_check_deps_InitWaypointSet[0m
[  0%] Built target _uuv_control_msgs_generate_messages_check_deps_InitRectTrajectory
[35m[1mScanning dependencies of target _uuv_control_msgs_generate_messages_check_deps_GoToIncremental[0m
[  0%] Built target _uuv_control_msgs_generate_messages_check_deps_InitWaypointSet
[35m[1mScanning dependencies of target _uuv_control_msgs_generate_messages_check_deps_WaypointSet[0m
[  0%] Built target _uuv_control_msgs_generate_messages_check_deps_GoToIncremental
[35m[1mScanning dependencies of target _uuv_control_msgs_generate_messages_check_deps_AddWaypoint[0m
[  0%] Built target _uuv_control_msgs_generate_messages_check_deps_WaypointSet
[35m[1mScanning dependencies of target _uuv_control_msgs_generate_messages_check_deps_SwitchToAutomatic[0m
[  0%] Built target _uuv_control_msgs_generate_messages_check_deps_AddWaypoint
[35m[1mScanning dependencies of target _uuv_control_msgs_generate_messages_check_deps_ClearWaypoints[0m
[  0%] Built target _uuv_control_msgs_generate_messages_check_deps_SwitchToAutomatic
[35m[1mScanning dependencies of target _uuv_control_msgs_generate_messages_check_deps_InitCircularTrajectory[0m
[  0%] Built target _uuv_control_msgs_generate_messages_check_deps_ClearWaypoints
[35m[1mScanning dependencies of target _uuv_control_msgs_generate_messages_check_deps_InitHelicalTrajectory[0m
[  0%] Built target _uuv_control_msgs_generate_messages_check_deps_InitCircularTrajectory
[  0%] Built target _uuv_control_msgs_generate_messages_check_deps_InitHelicalTrajectory
[35m[1mScanning dependencies of target std_msgs_generate_messages_py[0m
[35m[1mScanning dependencies of target geometry_msgs_generate_messages_py[0m
[  0%] Built target std_msgs_generate_messages_py
[  0%] Built target geometry_msgs_generate_messages_py
[35m[1mScanning dependencies of target geometry_msgs_generate_messages_lisp[0m
[35m[1mScanning dependencies of target std_msgs_generate_messages_lisp[0m
[  0%] Built target geometry_msgs_generate_messages_lisp
[  0%] Built target std_msgs_generate_messages_lisp
[35m[1mScanning dependencies of target std_msgs_generate_messages_eus[0m
[  0%] Built target std_msgs_generate_messages_eus
[35m[1mScanning dependencies of target geometry_msgs_generate_messages_eus[0m
[35m[1mScanning dependencies of target geometry_msgs_generate_messages_cpp[0m
[  0%] Built target geometry_msgs_generate_messages_eus
[  0%] Built target geometry_msgs_generate_messages_cpp
[35m[1mScanning dependencies of target std_msgs_generate_messages_cpp[0m
[35m[1mScanning dependencies of target uuv_control_msgs_generate_messages_nodejs[0m
[  0%] Built target std_msgs_generate_messages_cpp
[ 20%] Built target uuv_control_msgs_generate_messages_nodejs
[35m[1mScanning dependencies of target uuv_control_msgs_generate_messages_py[0m
[35m[1mScanning dependencies of target uuv_control_msgs_generate_messages_lisp[0m
[ 41%] Built target uuv_control_msgs_generate_messages_py
[ 60%] Built target uuv_control_msgs_generate_messages_lisp
[35m[1mScanning dependencies of target uuv_control_msgs_generate_messages_eus[0m
[35m[1mScanning dependencies of target uuv_control_msgs_generate_messages_cpp[0m
[ 80%] Built target uuv_control_msgs_generate_messages_eus
[100%] Built target uuv_control_msgs_generate_messages_cpp
[35m[1mScanning dependencies of target uuv_control_msgs_generate_messages[0m
[100%] Built target uuv_control_msgs_generate_messages
