Warning: Cannot symlink from /home/stephan/Gitkraken/RIS Lab 1 uuv_simulator/catkinws/devel/.private/uuv_thruster_manager/share/uuv_thruster_manager/cmake/uuv_thruster_managerConfig.cmake to existing file /home/stephan/Gitkraken/RIS Lab 1 uuv_simulator/catkinws/devel/share/uuv_thruster_manager/cmake/uuv_thruster_managerConfig.cmake
Warning: Source hash: 7075c4b779ffc22e6e621b2f66595aac
Warning: Dest hash: d3115eb0626f947eec9413ab0debc2e2
Warning: Cannot symlink from /home/stephan/Gitkraken/RIS Lab 1 uuv_simulator/catkinws/devel/.private/uuv_thruster_manager/share/uuv_thruster_manager/cmake/uuv_thruster_manager-msg-extras.cmake to existing file /home/stephan/Gitkraken/RIS Lab 1 uuv_simulator/catkinws/devel/share/uuv_thruster_manager/cmake/uuv_thruster_manager-msg-extras.cmake
Warning: Source hash: 4eba08bae6e30185e5ba4a935ba48fa6
Warning: Dest hash: 28476c54adb579265f3d3c7c185bc001
Warning: Cannot symlink from /home/stephan/Gitkraken/RIS Lab 1 uuv_simulator/catkinws/devel/.private/uuv_thruster_manager/lib/python3/dist-packages/uuv_thrusters/__init__.py to existing file /home/stephan/Gitkraken/RIS Lab 1 uuv_simulator/catkinws/devel/lib/python3/dist-packages/uuv_thrusters/__init__.py
Warning: Source hash: 9187ce769382e1702a4ae191816ca905
Warning: Dest hash: 59deb4bd92b2c282a0c1885ee5008048
Warning: Cannot symlink from /home/stephan/Gitkraken/RIS Lab 1 uuv_simulator/catkinws/devel/.private/uuv_thruster_manager/lib/pkgconfig/uuv_thruster_manager.pc to existing file /home/stephan/Gitkraken/RIS Lab 1 uuv_simulator/catkinws/devel/lib/pkgconfig/uuv_thruster_manager.pc
Warning: Source hash: 55a82a80ce4ac0d413c7d008576234c2
Warning: Dest hash: 622f3a1f05e58a177ca74b8b48bc4aa6
Warning: Cannot symlink from /home/stephan/Gitkraken/RIS Lab 1 uuv_simulator/catkinws/devel/.private/uuv_thruster_manager/lib/uuv_thruster_manager/thruster_allocator.py to existing file /home/stephan/Gitkraken/RIS Lab 1 uuv_simulator/catkinws/devel/lib/uuv_thruster_manager/thruster_allocator.py
Warning: Source hash: ff722c759287d4b1365c0027e72bdc89
Warning: Dest hash: 955dcc89980321aa4a456a72d22dd91a
Cleaning: (/home/stephan/catkinws/devel/.private/uuv_thruster_manager/cmake.lock, /home/stephan/catkinws/devel/./cmake.lock)
Cleaning: (/home/stephan/catkinws/devel/.private/uuv_thruster_manager/share/roseus/ros/uuv_thruster_manager/manifest.l, /home/stephan/catkinws/devel/share/roseus/ros/uuv_thruster_manager/manifest.l)
Cleaning: (/home/stephan/catkinws/devel/.private/uuv_thruster_manager/share/roseus/ros/uuv_thruster_manager/srv/GetThrusterManagerConfig.l, /home/stephan/catkinws/devel/share/roseus/ros/uuv_thruster_manager/srv/GetThrusterManagerConfig.l)
Cleaning: (/home/stephan/catkinws/devel/.private/uuv_thruster_manager/share/roseus/ros/uuv_thruster_manager/srv/GetThrusterCurve.l, /home/stephan/catkinws/devel/share/roseus/ros/uuv_thruster_manager/srv/GetThrusterCurve.l)
Cleaning: (/home/stephan/catkinws/devel/.private/uuv_thruster_manager/share/roseus/ros/uuv_thruster_manager/srv/SetThrusterManagerConfig.l, /home/stephan/catkinws/devel/share/roseus/ros/uuv_thruster_manager/srv/SetThrusterManagerConfig.l)
Cleaning: (/home/stephan/catkinws/devel/.private/uuv_thruster_manager/share/roseus/ros/uuv_thruster_manager/srv/ThrusterManagerInfo.l, /home/stephan/catkinws/devel/share/roseus/ros/uuv_thruster_manager/srv/ThrusterManagerInfo.l)
Cleaning: (/home/stephan/catkinws/devel/.private/uuv_thruster_manager/share/uuv_thruster_manager/cmake/uuv_thruster_managerConfig.cmake, /home/stephan/catkinws/devel/share/uuv_thruster_manager/cmake/uuv_thruster_managerConfig.cmake)
Cleaning: (/home/stephan/catkinws/devel/.private/uuv_thruster_manager/share/uuv_thruster_manager/cmake/uuv_thruster_manager-msg-extras.cmake, /home/stephan/catkinws/devel/share/uuv_thruster_manager/cmake/uuv_thruster_manager-msg-extras.cmake)
Cleaning: (/home/stephan/catkinws/devel/.private/uuv_thruster_manager/share/uuv_thruster_manager/cmake/uuv_thruster_managerConfig-version.cmake, /home/stephan/catkinws/devel/share/uuv_thruster_manager/cmake/uuv_thruster_managerConfig-version.cmake)
Cleaning: (/home/stephan/catkinws/devel/.private/uuv_thruster_manager/share/uuv_thruster_manager/cmake/uuv_thruster_manager-msg-paths.cmake, /home/stephan/catkinws/devel/share/uuv_thruster_manager/cmake/uuv_thruster_manager-msg-paths.cmake)
Cleaning: (/home/stephan/catkinws/devel/.private/uuv_thruster_manager/share/common-lisp/ros/uuv_thruster_manager/srv/_package.lisp, /home/stephan/catkinws/devel/share/common-lisp/ros/uuv_thruster_manager/srv/_package.lisp)
Cleaning: (/home/stephan/catkinws/devel/.private/uuv_thruster_manager/share/common-lisp/ros/uuv_thruster_manager/srv/GetThrusterManagerConfig.lisp, /home/stephan/catkinws/devel/share/common-lisp/ros/uuv_thruster_manager/srv/GetThrusterManagerConfig.lisp)
Cleaning: (/home/stephan/catkinws/devel/.private/uuv_thruster_manager/share/common-lisp/ros/uuv_thruster_manager/srv/_package_SetThrusterManagerConfig.lisp, /home/stephan/catkinws/devel/share/common-lisp/ros/uuv_thruster_manager/srv/_package_SetThrusterManagerConfig.lisp)
Cleaning: (/home/stephan/catkinws/devel/.private/uuv_thruster_manager/share/common-lisp/ros/uuv_thruster_manager/srv/SetThrusterManagerConfig.lisp, /home/stephan/catkinws/devel/share/common-lisp/ros/uuv_thruster_manager/srv/SetThrusterManagerConfig.lisp)
Cleaning: (/home/stephan/catkinws/devel/.private/uuv_thruster_manager/share/common-lisp/ros/uuv_thruster_manager/srv/uuv_thruster_manager-srv.asd, /home/stephan/catkinws/devel/share/common-lisp/ros/uuv_thruster_manager/srv/uuv_thruster_manager-srv.asd)
Cleaning: (/home/stephan/catkinws/devel/.private/uuv_thruster_manager/share/common-lisp/ros/uuv_thruster_manager/srv/_package_GetThrusterManagerConfig.lisp, /home/stephan/catkinws/devel/share/common-lisp/ros/uuv_thruster_manager/srv/_package_GetThrusterManagerConfig.lisp)
Cleaning: (/home/stephan/catkinws/devel/.private/uuv_thruster_manager/share/common-lisp/ros/uuv_thruster_manager/srv/_package_ThrusterManagerInfo.lisp, /home/stephan/catkinws/devel/share/common-lisp/ros/uuv_thruster_manager/srv/_package_ThrusterManagerInfo.lisp)
Cleaning: (/home/stephan/catkinws/devel/.private/uuv_thruster_manager/share/common-lisp/ros/uuv_thruster_manager/srv/ThrusterManagerInfo.lisp, /home/stephan/catkinws/devel/share/common-lisp/ros/uuv_thruster_manager/srv/ThrusterManagerInfo.lisp)
Cleaning: (/home/stephan/catkinws/devel/.private/uuv_thruster_manager/share/common-lisp/ros/uuv_thruster_manager/srv/_package_GetThrusterCurve.lisp, /home/stephan/catkinws/devel/share/common-lisp/ros/uuv_thruster_manager/srv/_package_GetThrusterCurve.lisp)
Cleaning: (/home/stephan/catkinws/devel/.private/uuv_thruster_manager/share/common-lisp/ros/uuv_thruster_manager/srv/GetThrusterCurve.lisp, /home/stephan/catkinws/devel/share/common-lisp/ros/uuv_thruster_manager/srv/GetThrusterCurve.lisp)
Cleaning: (/home/stephan/catkinws/devel/.private/uuv_thruster_manager/share/gennodejs/ros/uuv_thruster_manager/_index.js, /home/stephan/catkinws/devel/share/gennodejs/ros/uuv_thruster_manager/_index.js)
Cleaning: (/home/stephan/catkinws/devel/.private/uuv_thruster_manager/share/gennodejs/ros/uuv_thruster_manager/srv/SetThrusterManagerConfig.js, /home/stephan/catkinws/devel/share/gennodejs/ros/uuv_thruster_manager/srv/SetThrusterManagerConfig.js)
Cleaning: (/home/stephan/catkinws/devel/.private/uuv_thruster_manager/share/gennodejs/ros/uuv_thruster_manager/srv/_index.js, /home/stephan/catkinws/devel/share/gennodejs/ros/uuv_thruster_manager/srv/_index.js)
Cleaning: (/home/stephan/catkinws/devel/.private/uuv_thruster_manager/share/gennodejs/ros/uuv_thruster_manager/srv/ThrusterManagerInfo.js, /home/stephan/catkinws/devel/share/gennodejs/ros/uuv_thruster_manager/srv/ThrusterManagerInfo.js)
Cleaning: (/home/stephan/catkinws/devel/.private/uuv_thruster_manager/share/gennodejs/ros/uuv_thruster_manager/srv/GetThrusterCurve.js, /home/stephan/catkinws/devel/share/gennodejs/ros/uuv_thruster_manager/srv/GetThrusterCurve.js)
Cleaning: (/home/stephan/catkinws/devel/.private/uuv_thruster_manager/share/gennodejs/ros/uuv_thruster_manager/srv/GetThrusterManagerConfig.js, /home/stephan/catkinws/devel/share/gennodejs/ros/uuv_thruster_manager/srv/GetThrusterManagerConfig.js)
Cleaning: (/home/stephan/catkinws/devel/.private/uuv_thruster_manager/lib/python3/dist-packages/uuv_thrusters/__init__.py, /home/stephan/catkinws/devel/lib/python3/dist-packages/uuv_thrusters/__init__.py)
Cleaning: (/home/stephan/catkinws/devel/.private/uuv_thruster_manager/lib/python3/dist-packages/uuv_thruster_manager/__init__.py, /home/stephan/catkinws/devel/lib/python3/dist-packages/uuv_thruster_manager/__init__.py)
Cleaning: (/home/stephan/catkinws/devel/.private/uuv_thruster_manager/lib/python3/dist-packages/uuv_thruster_manager/srv/_GetThrusterManagerConfig.py, /home/stephan/catkinws/devel/lib/python3/dist-packages/uuv_thruster_manager/srv/_GetThrusterManagerConfig.py)
Cleaning: (/home/stephan/catkinws/devel/.private/uuv_thruster_manager/lib/python3/dist-packages/uuv_thruster_manager/srv/_SetThrusterManagerConfig.py, /home/stephan/catkinws/devel/lib/python3/dist-packages/uuv_thruster_manager/srv/_SetThrusterManagerConfig.py)
Cleaning: (/home/stephan/catkinws/devel/.private/uuv_thruster_manager/lib/python3/dist-packages/uuv_thruster_manager/srv/__init__.py, /home/stephan/catkinws/devel/lib/python3/dist-packages/uuv_thruster_manager/srv/__init__.py)
Cleaning: (/home/stephan/catkinws/devel/.private/uuv_thruster_manager/lib/python3/dist-packages/uuv_thruster_manager/srv/_GetThrusterCurve.py, /home/stephan/catkinws/devel/lib/python3/dist-packages/uuv_thruster_manager/srv/_GetThrusterCurve.py)
Cleaning: (/home/stephan/catkinws/devel/.private/uuv_thruster_manager/lib/python3/dist-packages/uuv_thruster_manager/srv/_ThrusterManagerInfo.py, /home/stephan/catkinws/devel/lib/python3/dist-packages/uuv_thruster_manager/srv/_ThrusterManagerInfo.py)
Cleaning: (/home/stephan/catkinws/devel/.private/uuv_thruster_manager/lib/pkgconfig/uuv_thruster_manager.pc, /home/stephan/catkinws/devel/lib/pkgconfig/uuv_thruster_manager.pc)
Cleaning: (/home/stephan/catkinws/devel/.private/uuv_thruster_manager/lib/uuv_thruster_manager/cmake.lock, /home/stephan/catkinws/devel/lib/uuv_thruster_manager/cmake.lock)
Cleaning: (/home/stephan/catkinws/devel/.private/uuv_thruster_manager/lib/uuv_thruster_manager/thruster_allocator.py, /home/stephan/catkinws/devel/lib/uuv_thruster_manager/thruster_allocator.py)
Cleaning: (/home/stephan/catkinws/devel/.private/uuv_thruster_manager/include/uuv_thruster_manager/SetThrusterManagerConfigResponse.h, /home/stephan/catkinws/devel/include/uuv_thruster_manager/SetThrusterManagerConfigResponse.h)
Cleaning: (/home/stephan/catkinws/devel/.private/uuv_thruster_manager/include/uuv_thruster_manager/ThrusterManagerInfoResponse.h, /home/stephan/catkinws/devel/include/uuv_thruster_manager/ThrusterManagerInfoResponse.h)
Cleaning: (/home/stephan/catkinws/devel/.private/uuv_thruster_manager/include/uuv_thruster_manager/GetThrusterCurveResponse.h, /home/stephan/catkinws/devel/include/uuv_thruster_manager/GetThrusterCurveResponse.h)
Cleaning: (/home/stephan/catkinws/devel/.private/uuv_thruster_manager/include/uuv_thruster_manager/SetThrusterManagerConfigRequest.h, /home/stephan/catkinws/devel/include/uuv_thruster_manager/SetThrusterManagerConfigRequest.h)
Cleaning: (/home/stephan/catkinws/devel/.private/uuv_thruster_manager/include/uuv_thruster_manager/GetThrusterManagerConfig.h, /home/stephan/catkinws/devel/include/uuv_thruster_manager/GetThrusterManagerConfig.h)
Cleaning: (/home/stephan/catkinws/devel/.private/uuv_thruster_manager/include/uuv_thruster_manager/GetThrusterManagerConfigRequest.h, /home/stephan/catkinws/devel/include/uuv_thruster_manager/GetThrusterManagerConfigRequest.h)
Cleaning: (/home/stephan/catkinws/devel/.private/uuv_thruster_manager/include/uuv_thruster_manager/GetThrusterCurve.h, /home/stephan/catkinws/devel/include/uuv_thruster_manager/GetThrusterCurve.h)
Cleaning: (/home/stephan/catkinws/devel/.private/uuv_thruster_manager/include/uuv_thruster_manager/SetThrusterManagerConfig.h, /home/stephan/catkinws/devel/include/uuv_thruster_manager/SetThrusterManagerConfig.h)
Cleaning: (/home/stephan/catkinws/devel/.private/uuv_thruster_manager/include/uuv_thruster_manager/GetThrusterCurveRequest.h, /home/stephan/catkinws/devel/include/uuv_thruster_manager/GetThrusterCurveRequest.h)
Cleaning: (/home/stephan/catkinws/devel/.private/uuv_thruster_manager/include/uuv_thruster_manager/GetThrusterManagerConfigResponse.h, /home/stephan/catkinws/devel/include/uuv_thruster_manager/GetThrusterManagerConfigResponse.h)
Cleaning: (/home/stephan/catkinws/devel/.private/uuv_thruster_manager/include/uuv_thruster_manager/ThrusterManagerInfoRequest.h, /home/stephan/catkinws/devel/include/uuv_thruster_manager/ThrusterManagerInfoRequest.h)
Cleaning: (/home/stephan/catkinws/devel/.private/uuv_thruster_manager/include/uuv_thruster_manager/ThrusterManagerInfo.h, /home/stephan/catkinws/devel/include/uuv_thruster_manager/ThrusterManagerInfo.h)
Unlinking: /home/stephan/catkinws/devel/share/roseus/ros/uuv_thruster_manager/manifest.l
Unlinking: /home/stephan/catkinws/devel/share/roseus/ros/uuv_thruster_manager/srv/GetThrusterManagerConfig.l
Unlinking: /home/stephan/catkinws/devel/share/roseus/ros/uuv_thruster_manager/srv/GetThrusterCurve.l
Unlinking: /home/stephan/catkinws/devel/share/roseus/ros/uuv_thruster_manager/srv/SetThrusterManagerConfig.l
Unlinking: /home/stephan/catkinws/devel/share/roseus/ros/uuv_thruster_manager/srv/ThrusterManagerInfo.l
Unlinking: /home/stephan/catkinws/devel/share/uuv_thruster_manager/cmake/uuv_thruster_managerConfig.cmake
Unlinking: /home/stephan/catkinws/devel/share/uuv_thruster_manager/cmake/uuv_thruster_manager-msg-extras.cmake
Unlinking: /home/stephan/catkinws/devel/share/uuv_thruster_manager/cmake/uuv_thruster_managerConfig-version.cmake
Unlinking: /home/stephan/catkinws/devel/share/uuv_thruster_manager/cmake/uuv_thruster_manager-msg-paths.cmake
Unlinking: /home/stephan/catkinws/devel/share/common-lisp/ros/uuv_thruster_manager/srv/_package.lisp
Unlinking: /home/stephan/catkinws/devel/share/common-lisp/ros/uuv_thruster_manager/srv/GetThrusterManagerConfig.lisp
Unlinking: /home/stephan/catkinws/devel/share/common-lisp/ros/uuv_thruster_manager/srv/_package_SetThrusterManagerConfig.lisp
Unlinking: /home/stephan/catkinws/devel/share/common-lisp/ros/uuv_thruster_manager/srv/SetThrusterManagerConfig.lisp
Unlinking: /home/stephan/catkinws/devel/share/common-lisp/ros/uuv_thruster_manager/srv/uuv_thruster_manager-srv.asd
Unlinking: /home/stephan/catkinws/devel/share/common-lisp/ros/uuv_thruster_manager/srv/_package_GetThrusterManagerConfig.lisp
Unlinking: /home/stephan/catkinws/devel/share/common-lisp/ros/uuv_thruster_manager/srv/_package_ThrusterManagerInfo.lisp
Unlinking: /home/stephan/catkinws/devel/share/common-lisp/ros/uuv_thruster_manager/srv/ThrusterManagerInfo.lisp
Unlinking: /home/stephan/catkinws/devel/share/common-lisp/ros/uuv_thruster_manager/srv/_package_GetThrusterCurve.lisp
Unlinking: /home/stephan/catkinws/devel/share/common-lisp/ros/uuv_thruster_manager/srv/GetThrusterCurve.lisp
Unlinking: /home/stephan/catkinws/devel/share/gennodejs/ros/uuv_thruster_manager/_index.js
Unlinking: /home/stephan/catkinws/devel/share/gennodejs/ros/uuv_thruster_manager/srv/SetThrusterManagerConfig.js
Unlinking: /home/stephan/catkinws/devel/share/gennodejs/ros/uuv_thruster_manager/srv/_index.js
Unlinking: /home/stephan/catkinws/devel/share/gennodejs/ros/uuv_thruster_manager/srv/ThrusterManagerInfo.js
Unlinking: /home/stephan/catkinws/devel/share/gennodejs/ros/uuv_thruster_manager/srv/GetThrusterCurve.js
Unlinking: /home/stephan/catkinws/devel/share/gennodejs/ros/uuv_thruster_manager/srv/GetThrusterManagerConfig.js
Unlinking: /home/stephan/catkinws/devel/lib/python3/dist-packages/uuv_thrusters/__init__.py
Unlinking: /home/stephan/catkinws/devel/lib/python3/dist-packages/uuv_thruster_manager/__init__.py
Unlinking: /home/stephan/catkinws/devel/lib/python3/dist-packages/uuv_thruster_manager/srv/_GetThrusterManagerConfig.py
Unlinking: /home/stephan/catkinws/devel/lib/python3/dist-packages/uuv_thruster_manager/srv/_SetThrusterManagerConfig.py
Unlinking: /home/stephan/catkinws/devel/lib/python3/dist-packages/uuv_thruster_manager/srv/__init__.py
Unlinking: /home/stephan/catkinws/devel/lib/python3/dist-packages/uuv_thruster_manager/srv/_GetThrusterCurve.py
Unlinking: /home/stephan/catkinws/devel/lib/python3/dist-packages/uuv_thruster_manager/srv/_ThrusterManagerInfo.py
Unlinking: /home/stephan/catkinws/devel/lib/pkgconfig/uuv_thruster_manager.pc
Unlinking: /home/stephan/catkinws/devel/lib/uuv_thruster_manager/cmake.lock
Unlinking: /home/stephan/catkinws/devel/lib/uuv_thruster_manager/thruster_allocator.py
Unlinking: /home/stephan/catkinws/devel/include/uuv_thruster_manager/SetThrusterManagerConfigResponse.h
Unlinking: /home/stephan/catkinws/devel/include/uuv_thruster_manager/ThrusterManagerInfoResponse.h
Unlinking: /home/stephan/catkinws/devel/include/uuv_thruster_manager/GetThrusterCurveResponse.h
Unlinking: /home/stephan/catkinws/devel/include/uuv_thruster_manager/SetThrusterManagerConfigRequest.h
Unlinking: /home/stephan/catkinws/devel/include/uuv_thruster_manager/GetThrusterManagerConfig.h
Unlinking: /home/stephan/catkinws/devel/include/uuv_thruster_manager/GetThrusterManagerConfigRequest.h
Unlinking: /home/stephan/catkinws/devel/include/uuv_thruster_manager/GetThrusterCurve.h
Unlinking: /home/stephan/catkinws/devel/include/uuv_thruster_manager/SetThrusterManagerConfig.h
Unlinking: /home/stephan/catkinws/devel/include/uuv_thruster_manager/GetThrusterCurveRequest.h
Unlinking: /home/stephan/catkinws/devel/include/uuv_thruster_manager/GetThrusterManagerConfigResponse.h
Unlinking: /home/stephan/catkinws/devel/include/uuv_thruster_manager/ThrusterManagerInfoRequest.h
Unlinking: /home/stephan/catkinws/devel/include/uuv_thruster_manager/ThrusterManagerInfo.h
