[35m[1mScanning dependencies of target _uuv_thruster_manager_generate_messages_check_deps_GetThrusterManagerConfig[0m
[  0%] Built target _uuv_thruster_manager_generate_messages_check_deps_GetThrusterManagerConfig
[35m[1mScanning dependencies of target std_msgs_generate_messages_nodejs[0m
[  0%] Built target std_msgs_generate_messages_nodejs
[35m[1mScanning dependencies of target _uuv_thruster_manager_generate_messages_check_deps_GetThrusterCurve[0m
[  0%] Built target _uuv_thruster_manager_generate_messages_check_deps_GetThrusterCurve
[35m[1mScanning dependencies of target _uuv_thruster_manager_generate_messages_check_deps_ThrusterManagerInfo[0m
[  0%] Built target _uuv_thruster_manager_generate_messages_check_deps_ThrusterManagerInfo
[35m[1mScanning dependencies of target _uuv_thruster_manager_generate_messages_check_deps_SetThrusterManagerConfig[0m
[  0%] Built target _uuv_thruster_manager_generate_messages_check_deps_SetThrusterManagerConfig
[35m[1mScanning dependencies of target std_msgs_generate_messages_eus[0m
[  0%] Built target std_msgs_generate_messages_eus
[35m[1mScanning dependencies of target std_msgs_generate_messages_cpp[0m
[  0%] Built target std_msgs_generate_messages_cpp
[35m[1mScanning dependencies of target std_msgs_generate_messages_py[0m
[  0%] Built target std_msgs_generate_messages_py
[35m[1mScanning dependencies of target std_msgs_generate_messages_lisp[0m
[  0%] Built target std_msgs_generate_messages_lisp
[35m[1mScanning dependencies of target uuv_thruster_manager_generate_messages_nodejs[0m
[ 18%] Built target uuv_thruster_manager_generate_messages_nodejs
[35m[1mScanning dependencies of target uuv_thruster_manager_generate_messages_eus[0m
[ 40%] Built target uuv_thruster_manager_generate_messages_eus
[35m[1mScanning dependencies of target uuv_thruster_manager_generate_messages_cpp[0m
[ 59%] Built target uuv_thruster_manager_generate_messages_cpp
[35m[1mScanning dependencies of target uuv_thruster_manager_generate_messages_py[0m
[ 81%] Built target uuv_thruster_manager_generate_messages_py
[35m[1mScanning dependencies of target uuv_thruster_manager_generate_messages_lisp[0m
[100%] Built target uuv_thruster_manager_generate_messages_lisp
[35m[1mScanning dependencies of target uuv_thruster_manager_generate_messages[0m
[100%] Built target uuv_thruster_manager_generate_messages
